{"total": {"lines":{"total":787,"covered":592,"skipped":0,"pct":75.22},"statements":{"total":850,"covered":619,"skipped":0,"pct":72.82},"functions":{"total":202,"covered":131,"skipped":0,"pct":64.85},"branches":{"total":560,"covered":297,"skipped":0,"pct":53.03},"branchesTrue":{"total":0,"covered":0,"skipped":0,"pct":100}}
,"/Users/ddcole/cursor_projects/guru-loaders-fp/src/core/pipeline/create-pipeline.js": {"lines":{"total":34,"covered":30,"skipped":0,"pct":88.23},"functions":{"total":17,"covered":12,"skipped":0,"pct":70.58},"statements":{"total":36,"covered":32,"skipped":0,"pct":88.88},"branches":{"total":19,"covered":6,"skipped":0,"pct":31.57}}
,"/Users/ddcole/cursor_projects/guru-loaders-fp/src/hooks/contextInjection.hook.js": {"lines":{"total":2,"covered":2,"skipped":0,"pct":100},"functions":{"total":1,"covered":1,"skipped":0,"pct":100},"statements":{"total":2,"covered":2,"skipped":0,"pct":100},"branches":{"total":0,"covered":0,"skipped":0,"pct":100}}
,"/Users/ddcole/cursor_projects/guru-loaders-fp/src/hooks/errorHandling.hook.js": {"lines":{"total":18,"covered":15,"skipped":0,"pct":83.33},"functions":{"total":3,"covered":3,"skipped":0,"pct":100},"statements":{"total":18,"covered":15,"skipped":0,"pct":83.33},"branches":{"total":7,"covered":3,"skipped":0,"pct":42.85}}
,"/Users/ddcole/cursor_projects/guru-loaders-fp/src/hooks/index.js": {"lines":{"total":0,"covered":0,"skipped":0,"pct":100},"functions":{"total":0,"covered":0,"skipped":0,"pct":100},"statements":{"total":0,"covered":0,"skipped":0,"pct":100},"branches":{"total":0,"covered":0,"skipped":0,"pct":100}}
,"/Users/ddcole/cursor_projects/guru-loaders-fp/src/hooks/lifecycle.hook.js": {"lines":{"total":13,"covered":9,"skipped":0,"pct":69.23},"functions":{"total":3,"covered":3,"skipped":0,"pct":100},"statements":{"total":13,"covered":9,"skipped":0,"pct":69.23},"branches":{"total":12,"covered":8,"skipped":0,"pct":66.66}}
,"/Users/ddcole/cursor_projects/guru-loaders-fp/src/hooks/logging.hook.js": {"lines":{"total":11,"covered":11,"skipped":0,"pct":100},"functions":{"total":3,"covered":3,"skipped":0,"pct":100},"statements":{"total":11,"covered":11,"skipped":0,"pct":100},"branches":{"total":15,"covered":13,"skipped":0,"pct":86.66}}
,"/Users/ddcole/cursor_projects/guru-loaders-fp/src/hooks/validation.hook.js": {"lines":{"total":11,"covered":11,"skipped":0,"pct":100},"functions":{"total":3,"covered":3,"skipped":0,"pct":100},"statements":{"total":12,"covered":12,"skipped":0,"pct":100},"branches":{"total":6,"covered":6,"skipped":0,"pct":100}}
,"/Users/ddcole/cursor_projects/guru-loaders-fp/src/loaders/action-loader.js": {"lines":{"total":55,"covered":8,"skipped":0,"pct":14.54},"functions":{"total":12,"covered":2,"skipped":0,"pct":16.66},"statements":{"total":59,"covered":8,"skipped":0,"pct":13.55},"branches":{"total":43,"covered":1,"skipped":0,"pct":2.32}}
,"/Users/ddcole/cursor_projects/guru-loaders-fp/src/loaders/db-loader.js": {"lines":{"total":35,"covered":34,"skipped":0,"pct":97.14},"functions":{"total":5,"covered":5,"skipped":0,"pct":100},"statements":{"total":37,"covered":35,"skipped":0,"pct":94.59},"branches":{"total":32,"covered":24,"skipped":0,"pct":75}}
,"/Users/ddcole/cursor_projects/guru-loaders-fp/src/loaders/env-loader.js": {"lines":{"total":35,"covered":34,"skipped":0,"pct":97.14},"functions":{"total":5,"covered":5,"skipped":0,"pct":100},"statements":{"total":38,"covered":35,"skipped":0,"pct":92.1},"branches":{"total":30,"covered":21,"skipped":0,"pct":70}}
,"/Users/ddcole/cursor_projects/guru-loaders-fp/src/loaders/event-loader.js": {"lines":{"total":37,"covered":36,"skipped":0,"pct":97.29},"functions":{"total":5,"covered":5,"skipped":0,"pct":100},"statements":{"total":39,"covered":37,"skipped":0,"pct":94.87},"branches":{"total":32,"covered":24,"skipped":0,"pct":75}}
,"/Users/ddcole/cursor_projects/guru-loaders-fp/src/loaders/json-loader.js": {"lines":{"total":33,"covered":31,"skipped":0,"pct":93.93},"functions":{"total":5,"covered":5,"skipped":0,"pct":100},"statements":{"total":37,"covered":33,"skipped":0,"pct":89.18},"branches":{"total":30,"covered":19,"skipped":0,"pct":63.33}}
,"/Users/ddcole/cursor_projects/guru-loaders-fp/src/loaders/method-loader.js": {"lines":{"total":59,"covered":8,"skipped":0,"pct":13.55},"functions":{"total":13,"covered":2,"skipped":0,"pct":15.38},"statements":{"total":64,"covered":8,"skipped":0,"pct":12.5},"branches":{"total":52,"covered":1,"skipped":0,"pct":1.92}}
,"/Users/ddcole/cursor_projects/guru-loaders-fp/src/loaders/middleware-loader.js": {"lines":{"total":33,"covered":31,"skipped":0,"pct":93.93},"functions":{"total":5,"covered":5,"skipped":0,"pct":100},"statements":{"total":37,"covered":33,"skipped":0,"pct":89.18},"branches":{"total":32,"covered":19,"skipped":0,"pct":59.37}}
,"/Users/ddcole/cursor_projects/guru-loaders-fp/src/loaders/model-loader.js": {"lines":{"total":29,"covered":29,"skipped":0,"pct":100},"functions":{"total":6,"covered":6,"skipped":0,"pct":100},"statements":{"total":33,"covered":32,"skipped":0,"pct":96.96},"branches":{"total":28,"covered":24,"skipped":0,"pct":85.71}}
,"/Users/ddcole/cursor_projects/guru-loaders-fp/src/loaders/pubsub-loader.js": {"lines":{"total":32,"covered":31,"skipped":0,"pct":96.87},"functions":{"total":4,"covered":4,"skipped":0,"pct":100},"statements":{"total":33,"covered":32,"skipped":0,"pct":96.96},"branches":{"total":24,"covered":18,"skipped":0,"pct":75}}
,"/Users/ddcole/cursor_projects/guru-loaders-fp/src/loaders/sdl-loader.js": {"lines":{"total":35,"covered":34,"skipped":0,"pct":97.14},"functions":{"total":5,"covered":5,"skipped":0,"pct":100},"statements":{"total":37,"covered":35,"skipped":0,"pct":94.59},"branches":{"total":32,"covered":24,"skipped":0,"pct":75}}
,"/Users/ddcole/cursor_projects/guru-loaders-fp/src/loaders/service-loader.js": {"lines":{"total":33,"covered":31,"skipped":0,"pct":93.93},"functions":{"total":5,"covered":5,"skipped":0,"pct":100},"statements":{"total":37,"covered":33,"skipped":0,"pct":89.18},"branches":{"total":32,"covered":19,"skipped":0,"pct":59.37}}
,"/Users/ddcole/cursor_projects/guru-loaders-fp/src/loaders/typeComposer-loader.js": {"lines":{"total":47,"covered":41,"skipped":0,"pct":87.23},"functions":{"total":4,"covered":3,"skipped":0,"pct":75},"statements":{"total":47,"covered":41,"skipped":0,"pct":87.23},"branches":{"total":22,"covered":19,"skipped":0,"pct":86.36}}
,"/Users/ddcole/cursor_projects/guru-loaders-fp/src/utils/async-collection-utils.js": {"lines":{"total":31,"covered":14,"skipped":0,"pct":45.16},"functions":{"total":20,"covered":7,"skipped":0,"pct":35},"statements":{"total":39,"covered":18,"skipped":0,"pct":46.15},"branches":{"total":4,"covered":0,"skipped":0,"pct":0}}
,"/Users/ddcole/cursor_projects/guru-loaders-fp/src/utils/async-pipeline-utils.js": {"lines":{"total":16,"covered":13,"skipped":0,"pct":81.25},"functions":{"total":9,"covered":6,"skipped":0,"pct":66.66},"statements":{"total":18,"covered":14,"skipped":0,"pct":77.77},"branches":{"total":0,"covered":0,"skipped":0,"pct":100}}
,"/Users/ddcole/cursor_projects/guru-loaders-fp/src/utils/file-utils.js": {"lines":{"total":37,"covered":19,"skipped":0,"pct":51.35},"functions":{"total":17,"covered":6,"skipped":0,"pct":35.29},"statements":{"total":42,"covered":20,"skipped":0,"pct":47.61},"branches":{"total":4,"covered":2,"skipped":0,"pct":50}}
,"/Users/ddcole/cursor_projects/guru-loaders-fp/src/utils/loader-utils.js": {"lines":{"total":91,"covered":75,"skipped":0,"pct":82.41},"functions":{"total":29,"covered":23,"skipped":0,"pct":79.31},"statements":{"total":98,"covered":79,"skipped":0,"pct":80.61},"branches":{"total":64,"covered":34,"skipped":0,"pct":53.12}}
,"/Users/ddcole/cursor_projects/guru-loaders-fp/src/utils/logger.js": {"lines":{"total":2,"covered":2,"skipped":0,"pct":100},"functions":{"total":0,"covered":0,"skipped":0,"pct":100},"statements":{"total":2,"covered":2,"skipped":0,"pct":100},"branches":{"total":2,"covered":1,"skipped":0,"pct":50}}
,"/Users/ddcole/cursor_projects/guru-loaders-fp/src/utils/registry-utils.js": {"lines":{"total":18,"covered":14,"skipped":0,"pct":77.77},"functions":{"total":10,"covered":6,"skipped":0,"pct":60},"statements":{"total":19,"covered":14,"skipped":0,"pct":73.68},"branches":{"total":3,"covered":0,"skipped":0,"pct":0}}
,"/Users/ddcole/cursor_projects/guru-loaders-fp/src/utils/validate-utils.js": {"lines":{"total":40,"covered":29,"skipped":0,"pct":72.5},"functions":{"total":13,"covered":6,"skipped":0,"pct":46.15},"statements":{"total":42,"covered":29,"skipped":0,"pct":69.04},"branches":{"total":35,"covered":11,"skipped":0,"pct":31.42}}
}
