TN:
SF:src/core/pipeline/create-pipeline.js
FN:8,(anonymous_0)
FN:14,(anonymous_1)
FN:25,(anonymous_2)
FN:31,(anonymous_3)
FN:34,(anonymous_4)
FN:34,(anonymous_5)
FN:40,(anonymous_6)
FN:45,(anonymous_7)
FN:55,(anonymous_8)
FN:56,(anonymous_9)
FN:63,(anonymous_10)
FN:67,(anonymous_11)
FN:69,(anonymous_12)
FN:75,(anonymous_13)
FN:78,(anonymous_14)
FN:92,(anonymous_15)
FN:96,(anonymous_16)
FN:109,(anonymous_17)
FNF:18
FNH:9
FNDA:12,(anonymous_0)
FNDA:0,(anonymous_1)
FNDA:6,(anonymous_2)
FNDA:6,(anonymous_3)
FNDA:6,(anonymous_4)
FNDA:5,(anonymous_5)
FNDA:5,(anonymous_6)
FNDA:5,(anonymous_7)
FNDA:0,(anonymous_8)
FNDA:0,(anonymous_9)
FNDA:5,(anonymous_10)
FNDA:0,(anonymous_11)
FNDA:0,(anonymous_12)
FNDA:0,(anonymous_13)
FNDA:0,(anonymous_14)
FNDA:6,(anonymous_15)
FNDA:0,(anonymous_16)
FNDA:0,(anonymous_17)
DA:8,1
DA:14,0
DA:20,12
DA:23,12
DA:26,6
DA:27,6
DA:32,6
DA:33,6
DA:34,6
DA:36,5
DA:41,5
DA:44,5
DA:45,5
DA:49,5
DA:50,0
DA:54,5
DA:55,0
DA:56,0
DA:59,5
DA:64,5
DA:67,5
DA:69,5
DA:75,5
DA:77,0
DA:80,5
DA:92,12
DA:93,6
DA:95,6
DA:96,0
DA:100,6
DA:108,5
DA:109,0
DA:112,1
DA:113,1
DA:115,0
DA:117,1
DA:121,12
LF:37
LH:29
BRDA:8,0,0,0
BRDA:10,1,0,0
BRDA:11,2,0,12
BRDA:12,3,0,12
BRDA:13,4,0,12
BRDA:14,5,0,1
BRDA:15,6,0,1
BRDA:16,7,0,12
BRDA:17,8,0,12
BRDA:18,9,0,12
BRDA:19,10,0,12
BRDA:49,11,0,0
BRDA:49,11,1,5
BRDA:67,12,0,0
BRDA:67,12,1,0
BRDA:75,13,0,0
BRDA:75,13,1,5
BRDA:96,14,0,0
BRDA:96,14,1,0
BRDA:109,15,0,0
BRDA:109,15,1,0
BRDA:112,16,0,1
BRDA:112,16,1,0
BRF:23
BRH:12
end_of_record
TN:
SF:src/hooks/contextInjection.hook.js
FN:10,(anonymous_0)
FNF:1
FNH:1
FNDA:45,(anonymous_0)
DA:10,19
DA:11,45
LF:2
LH:2
BRF:0
BRH:0
end_of_record
TN:
SF:src/hooks/errorHandling.hook.js
FN:13,(anonymous_0)
FN:35,(anonymous_1)
FN:36,(anonymous_2)
FNF:3
FNH:3
FNDA:96,(anonymous_0)
FNDA:14,(anonymous_1)
FNDA:14,(anonymous_2)
DA:13,19
DA:14,96
DA:15,96
DA:17,1
DA:18,0
DA:19,1
DA:20,1
DA:22,0
DA:24,1
DA:35,19
DA:36,14
DA:37,14
DA:38,14
DA:40,1
DA:41,1
DA:42,1
DA:44,0
DA:47,1
LF:18
LH:15
BRDA:17,0,0,0
BRDA:17,0,1,1
BRDA:19,1,0,1
BRDA:19,1,1,0
BRDA:35,2,0,0
BRDA:40,3,0,1
BRDA:40,3,1,0
BRF:7
BRH:3
end_of_record
TN:
SF:src/hooks/index.js
FNF:0
FNH:0
LF:0
LH:0
BRF:0
BRH:0
end_of_record
TN:
SF:src/hooks/lifecycle.hook.js
FN:10,(anonymous_0)
FN:25,(anonymous_1)
FN:37,capitalize
FNF:3
FNH:3
FNDA:12,(anonymous_0)
FNDA:31,(anonymous_1)
FNDA:62,capitalize
DA:10,19
DA:11,12
DA:12,12
DA:13,12
DA:16,12
DA:25,19
DA:26,31
DA:27,0
DA:28,31
DA:29,0
DA:30,0
DA:31,0
DA:38,62
LF:13
LH:9
BRDA:12,0,0,12
BRDA:12,0,1,0
BRDA:26,1,0,0
BRDA:26,1,1,31
BRDA:26,2,0,31
BRDA:26,2,1,31
BRDA:28,3,0,0
BRDA:28,3,1,31
BRDA:28,4,0,31
BRDA:28,4,1,31
BRDA:30,5,0,0
BRDA:30,5,1,0
BRF:12
BRH:7
end_of_record
TN:
SF:src/hooks/logging.hook.js
FN:11,(anonymous_0)
FN:25,(anonymous_1)
FN:36,(anonymous_2)
FNF:3
FNH:2
FNDA:96,(anonymous_0)
FNDA:1,(anonymous_1)
FNDA:0,(anonymous_2)
DA:11,19
DA:12,96
DA:13,90
DA:15,6
DA:17,96
DA:25,19
DA:26,1
DA:27,1
DA:36,19
DA:37,0
DA:38,0
LF:11
LH:9
BRDA:12,0,0,90
BRDA:12,0,1,6
BRDA:12,1,0,96
BRDA:12,1,1,96
BRDA:12,1,2,90
BRDA:26,2,0,1
BRDA:26,2,1,0
BRDA:26,3,0,1
BRDA:26,3,1,1
BRDA:26,3,2,1
BRDA:37,4,0,0
BRDA:37,4,1,0
BRDA:37,5,0,0
BRDA:37,5,1,0
BRDA:37,5,2,0
BRF:15
BRH:9
end_of_record
TN:
SF:src/hooks/validation.hook.js
FN:10,(anonymous_0)
FN:12,(anonymous_1)
FN:21,(anonymous_2)
FNF:3
FNH:3
FNDA:76,(anonymous_0)
FNDA:224,(anonymous_1)
FNDA:35,(anonymous_2)
DA:10,19
DA:11,76
DA:12,76
DA:13,224
DA:14,224
DA:17,224
DA:19,76
DA:20,30
DA:21,35
DA:23,30
DA:25,46
LF:11
LH:11
BRDA:14,0,0,93
BRDA:14,0,1,131
BRDA:17,1,0,35
BRDA:17,1,1,189
BRDA:19,2,0,30
BRDA:19,2,1,46
BRF:6
BRH:6
end_of_record
TN:
SF:src/loaders/action-loader.js
FN:35,(anonymous_0)
FN:38,(anonymous_1)
FN:45,(anonymous_2)
FN:67,(anonymous_3)
FN:73,(anonymous_4)
FN:81,(anonymous_5)
FNF:6
FNH:3
FNDA:0,(anonymous_0)
FNDA:0,(anonymous_1)
FNDA:6,(anonymous_2)
FNDA:4,(anonymous_3)
FNDA:0,(anonymous_4)
FNDA:6,(anonymous_5)
DA:12,1
DA:20,1
DA:35,1
DA:36,0
DA:38,0
DA:45,1
DA:46,6
DA:47,6
DA:48,6
DA:50,1
DA:52,5
DA:53,6
DA:54,0
DA:55,0
DA:56,0
DA:59,6
DA:60,1
DA:61,1
DA:63,4
DA:64,1
DA:67,4
DA:68,4
DA:69,1
DA:72,4
DA:73,0
DA:76,4
DA:81,1
DA:83,6
DA:84,5
DA:85,5
LF:30
LH:24
BRDA:48,0,0,1
BRDA:48,0,1,5
BRDA:48,1,0,6
BRDA:48,1,1,6
BRDA:53,2,0,0
BRDA:53,2,1,6
BRDA:53,3,0,6
BRDA:53,3,1,6
BRDA:59,4,0,1
BRDA:59,4,1,4
BRDA:59,5,0,6
BRDA:59,5,1,4
BRDA:59,5,2,4
BRDA:63,6,0,1
BRDA:63,6,1,3
BRDA:68,7,0,1
BRDA:68,7,1,3
BRDA:73,8,0,3
BRDA:73,8,1,1
BRF:19
BRH:18
end_of_record
TN:
SF:src/loaders/db-loader.js
FN:19,(anonymous_0)
FN:27,(anonymous_1)
FN:34,(anonymous_2)
FN:39,(anonymous_3)
FNF:4
FNH:4
FNDA:7,(anonymous_0)
FNDA:7,(anonymous_1)
FNDA:7,(anonymous_2)
FNDA:8,(anonymous_3)
DA:5,1
DA:11,1
DA:19,1
DA:20,7
DA:21,7
DA:22,7
DA:23,7
DA:27,1
DA:28,7
DA:29,7
DA:30,7
DA:31,7
DA:32,7
DA:34,7
DA:35,7
DA:36,7
DA:37,7
DA:38,7
DA:39,8
DA:41,1
DA:42,1
DA:44,7
DA:45,7
DA:46,7
DA:47,7
DA:48,7
DA:49,8
DA:50,6
DA:51,6
DA:56,6
DA:57,6
DA:58,1
DA:60,6
DA:62,0
DA:66,2
DA:69,7
DA:71,7
LF:37
LH:36
BRDA:20,0,0,0
BRDA:20,0,1,7
BRDA:20,1,0,7
BRDA:20,1,1,7
BRDA:21,2,0,7
BRDA:21,2,1,0
BRDA:22,3,0,1
BRDA:22,3,1,6
BRDA:23,4,0,1
BRDA:23,4,1,6
BRDA:28,5,0,7
BRDA:28,5,1,0
BRDA:29,6,0,7
BRDA:29,6,1,7
BRDA:36,7,0,7
BRDA:36,7,1,0
BRDA:56,8,0,6
BRDA:56,8,1,0
BRDA:57,9,0,1
BRDA:57,9,1,5
BRDA:69,10,0,7
BRDA:69,10,1,7
BRF:22
BRH:17
end_of_record
TN:
SF:src/loaders/env-loader.js
FN:19,(anonymous_0)
FN:29,(anonymous_1)
FN:36,(anonymous_2)
FN:41,(anonymous_3)
FNF:4
FNH:4
FNDA:5,(anonymous_0)
FNDA:6,(anonymous_1)
FNDA:6,(anonymous_2)
FNDA:6,(anonymous_3)
DA:6,1
DA:12,1
DA:19,1
DA:20,5
DA:21,5
DA:22,5
DA:23,4
DA:25,1
DA:29,1
DA:30,6
DA:31,6
DA:32,6
DA:33,6
DA:34,6
DA:36,6
DA:37,6
DA:38,6
DA:39,6
DA:40,6
DA:41,6
DA:43,1
DA:44,1
DA:46,6
DA:47,6
DA:49,5
DA:50,5
DA:51,5
DA:52,5
DA:54,3
DA:55,3
DA:60,3
DA:61,3
DA:62,1
DA:64,3
DA:66,0
DA:69,2
DA:73,6
LF:37
LH:36
BRDA:20,0,0,0
BRDA:20,0,1,5
BRDA:20,1,0,5
BRDA:20,1,1,5
BRDA:21,2,0,5
BRDA:21,2,1,0
BRDA:22,3,0,4
BRDA:22,3,1,1
BRDA:30,4,0,6
BRDA:30,4,1,0
BRDA:31,5,0,6
BRDA:31,5,1,6
BRDA:32,6,0,6
BRDA:32,6,1,0
BRDA:33,7,0,6
BRDA:33,7,1,0
BRDA:51,8,0,0
BRDA:51,8,1,5
BRDA:60,9,0,3
BRDA:60,9,1,0
BRDA:61,10,0,1
BRDA:61,10,1,2
BRF:22
BRH:15
end_of_record
TN:
SF:src/loaders/event-loader.js
FN:18,(anonymous_0)
FN:26,(anonymous_1)
FN:33,(anonymous_2)
FN:38,(anonymous_3)
FNF:4
FNH:4
FNDA:5,(anonymous_0)
FNDA:6,(anonymous_1)
FNDA:6,(anonymous_2)
FNDA:6,(anonymous_3)
DA:5,1
DA:11,1
DA:18,1
DA:19,5
DA:20,5
DA:21,5
DA:22,5
DA:26,1
DA:27,6
DA:28,6
DA:29,6
DA:30,6
DA:31,6
DA:33,6
DA:34,6
DA:35,6
DA:36,6
DA:37,6
DA:38,6
DA:40,1
DA:41,1
DA:43,6
DA:44,6
DA:45,5
DA:46,5
DA:47,5
DA:48,5
DA:49,3
DA:50,3
DA:55,3
DA:56,3
DA:57,1
DA:59,3
DA:61,0
DA:65,2
DA:68,6
DA:70,6
LF:37
LH:36
BRDA:19,0,0,0
BRDA:19,0,1,5
BRDA:19,1,0,5
BRDA:19,1,1,5
BRDA:20,2,0,5
BRDA:20,2,1,0
BRDA:21,3,0,5
BRDA:21,3,1,0
BRDA:22,4,0,0
BRDA:22,4,1,5
BRDA:27,5,0,6
BRDA:27,5,1,0
BRDA:28,6,0,6
BRDA:28,6,1,6
BRDA:35,7,0,6
BRDA:35,7,1,0
BRDA:55,8,0,3
BRDA:55,8,1,0
BRDA:56,9,0,1
BRDA:56,9,1,2
BRDA:68,10,0,6
BRDA:68,10,1,6
BRF:22
BRH:15
end_of_record
TN:
SF:src/loaders/faker-loader.js
FN:25,(anonymous_0)
FN:29,(anonymous_1)
FN:36,(anonymous_2)
FN:38,(anonymous_3)
FN:45,(anonymous_4)
FN:54,(anonymous_5)
FN:66,(anonymous_6)
FN:75,(anonymous_7)
FN:77,(anonymous_8)
FNF:9
FNH:3
FNDA:12,(anonymous_0)
FNDA:0,(anonymous_1)
FNDA:0,(anonymous_2)
FNDA:0,(anonymous_3)
FNDA:0,(anonymous_4)
FNDA:0,(anonymous_5)
FNDA:0,(anonymous_6)
FNDA:6,(anonymous_7)
FNDA:6,(anonymous_8)
DA:5,1
DA:11,1
DA:25,1
DA:26,12
DA:31,0
DA:34,0
DA:36,0
DA:40,0
DA:43,0
DA:45,0
DA:46,0
DA:47,0
DA:55,0
DA:57,0
DA:58,0
DA:61,0
DA:62,0
DA:63,0
DA:66,0
DA:67,0
DA:68,0
DA:70,0
DA:75,12
DA:76,6
DA:77,6
DA:78,6
DA:83,1
LF:27
LH:9
BRDA:25,0,0,1
BRDA:31,1,0,0
BRDA:31,1,1,0
BRDA:34,2,0,0
BRDA:34,2,1,0
BRDA:40,3,0,0
BRDA:40,3,1,0
BRDA:43,4,0,0
BRDA:43,4,1,0
BRDA:57,5,0,0
BRDA:57,5,1,0
BRDA:57,6,0,0
BRDA:57,6,1,0
BRDA:61,7,0,0
BRDA:61,7,1,0
BRDA:62,8,0,0
BRDA:62,8,1,0
BRDA:67,9,0,0
BRDA:67,9,1,0
BRF:19
BRH:1
end_of_record
TN:
SF:src/loaders/json-loader.js
FN:19,(anonymous_0)
FN:28,(anonymous_1)
FN:35,(anonymous_2)
FN:40,(anonymous_3)
FNF:4
FNH:4
FNDA:5,(anonymous_0)
FNDA:6,(anonymous_1)
FNDA:6,(anonymous_2)
FNDA:6,(anonymous_3)
DA:6,1
DA:12,1
DA:19,1
DA:20,5
DA:21,5
DA:22,5
DA:24,0
DA:28,1
DA:29,6
DA:30,6
DA:31,6
DA:32,6
DA:33,6
DA:35,6
DA:36,6
DA:37,6
DA:38,6
DA:39,6
DA:40,6
DA:42,1
DA:43,1
DA:45,6
DA:46,6
DA:48,5
DA:49,5
DA:50,5
DA:51,5
DA:53,3
DA:54,3
DA:59,3
DA:60,3
DA:61,1
DA:63,3
DA:65,0
DA:68,2
DA:72,6
LF:36
LH:34
BRDA:20,0,0,0
BRDA:20,0,1,5
BRDA:20,1,0,5
BRDA:20,1,1,5
BRDA:21,2,0,5
BRDA:21,2,1,0
BRDA:24,3,0,0
BRDA:24,3,1,0
BRDA:29,4,0,6
BRDA:29,4,1,0
BRDA:30,5,0,6
BRDA:30,5,1,6
BRDA:31,6,0,6
BRDA:31,6,1,0
BRDA:32,7,0,6
BRDA:32,7,1,0
BRDA:50,8,0,0
BRDA:50,8,1,5
BRDA:59,9,0,3
BRDA:59,9,1,0
BRDA:60,10,0,1
BRDA:60,10,1,2
BRF:22
BRH:13
end_of_record
TN:
SF:src/loaders/method-loader.js
FN:33,(anonymous_0)
FN:36,(anonymous_1)
FN:47,(anonymous_2)
FN:70,(anonymous_3)
FN:77,(anonymous_4)
FNF:5
FNH:2
FNDA:0,(anonymous_0)
FNDA:0,(anonymous_1)
FNDA:10,(anonymous_2)
FNDA:10,(anonymous_3)
FNDA:0,(anonymous_4)
DA:10,1
DA:18,1
DA:33,1
DA:34,0
DA:36,0
DA:47,1
DA:48,10
DA:49,10
DA:50,10
DA:51,10
DA:52,10
DA:53,1
DA:55,9
DA:56,13
DA:57,13
DA:58,0
DA:59,0
DA:60,0
DA:62,13
DA:63,1
DA:64,1
DA:66,10
DA:67,4
DA:70,10
DA:71,10
DA:72,1
DA:73,1
DA:76,9
DA:77,0
DA:80,2
DA:83,9
LF:31
LH:25
BRDA:48,0,0,10
BRDA:48,0,1,0
BRDA:50,1,0,10
BRDA:50,1,1,0
BRDA:52,2,0,1
BRDA:52,2,1,9
BRDA:52,3,0,10
BRDA:52,3,1,10
BRDA:57,4,0,0
BRDA:57,4,1,13
BRDA:57,5,0,13
BRDA:57,5,1,13
BRDA:58,6,0,0
BRDA:58,6,1,0
BRDA:59,7,0,0
BRDA:59,7,1,0
BRDA:62,8,0,1
BRDA:62,8,1,10
BRDA:62,9,0,13
BRDA:62,9,1,10
BRDA:62,9,2,10
BRDA:63,10,0,1
BRDA:63,10,1,1
BRDA:66,11,0,4
BRDA:66,11,1,6
BRDA:67,12,0,4
BRDA:67,12,1,4
BRDA:71,13,0,1
BRDA:71,13,1,9
BRDA:72,14,0,1
BRDA:72,14,1,1
BRDA:80,15,0,2
BRDA:80,15,1,2
BRF:33
BRH:26
end_of_record
TN:
SF:src/loaders/middleware-loader.js
FN:19,(anonymous_0)
FN:28,(anonymous_1)
FN:35,(anonymous_2)
FN:40,(anonymous_3)
FNF:4
FNH:4
FNDA:12,(anonymous_0)
FNDA:13,(anonymous_1)
FNDA:13,(anonymous_2)
FNDA:13,(anonymous_3)
DA:6,1
DA:12,1
DA:19,1
DA:20,12
DA:21,12
DA:22,11
DA:24,1
DA:28,1
DA:29,13
DA:30,13
DA:31,13
DA:32,13
DA:33,13
DA:35,13
DA:36,13
DA:37,13
DA:38,13
DA:39,13
DA:40,13
DA:42,1
DA:43,1
DA:45,13
DA:46,13
DA:48,12
DA:49,12
DA:50,11
DA:51,11
DA:53,5
DA:54,5
DA:59,5
DA:60,5
DA:61,1
DA:63,5
DA:65,0
DA:68,7
DA:72,13
LF:36
LH:35
BRDA:20,0,0,0
BRDA:20,0,1,12
BRDA:20,1,0,12
BRDA:20,1,1,12
BRDA:21,2,0,11
BRDA:21,2,1,1
BRDA:24,3,0,1
BRDA:24,3,1,0
BRDA:29,4,0,13
BRDA:29,4,1,0
BRDA:30,5,0,13
BRDA:30,5,1,13
BRDA:31,6,0,13
BRDA:31,6,1,0
BRDA:32,7,0,13
BRDA:32,7,1,0
BRDA:50,8,0,0
BRDA:50,8,1,11
BRDA:59,9,0,5
BRDA:59,9,1,0
BRDA:59,10,0,5
BRDA:59,10,1,5
BRDA:60,11,0,1
BRDA:60,11,1,4
BRF:24
BRH:17
end_of_record
TN:
SF:src/loaders/model-loader.js
FN:14,(anonymous_0)
FN:26,(anonymous_1)
FN:34,(anonymous_2)
FN:39,(anonymous_3)
FN:62,(anonymous_4)
FNF:5
FNH:5
FNDA:14,(anonymous_0)
FNDA:12,(anonymous_1)
FNDA:12,(anonymous_2)
FNDA:10,(anonymous_3)
FNDA:12,(anonymous_4)
DA:8,1
DA:14,1
DA:15,14
DA:17,12
DA:18,9
DA:20,3
DA:22,11
DA:26,1
DA:27,12
DA:28,12
DA:29,12
DA:30,12
DA:31,12
DA:32,12
DA:34,12
DA:35,12
DA:36,12
DA:37,12
DA:38,12
DA:39,12
DA:41,1
DA:42,1
DA:44,12
DA:45,12
DA:47,9
DA:48,9
DA:50,1
DA:51,1
DA:53,8
DA:54,6
DA:55,1
DA:57,6
DA:59,2
DA:62,12
DA:64,12
LF:35
LH:35
BRDA:15,0,0,2
BRDA:15,0,1,12
BRDA:15,1,0,14
BRDA:15,1,1,13
BRDA:17,2,0,9
BRDA:17,2,1,3
BRDA:22,3,0,6
BRDA:22,3,1,5
BRDA:22,4,0,11
BRDA:22,4,1,10
BRDA:27,5,0,12
BRDA:27,5,1,0
BRDA:28,6,0,12
BRDA:28,6,1,1
BRDA:29,7,0,12
BRDA:29,7,1,12
BRDA:30,8,0,12
BRDA:30,8,1,2
BRDA:31,9,0,12
BRDA:31,9,1,2
BRDA:53,10,0,6
BRDA:53,10,1,2
BRDA:54,11,0,1
BRDA:54,11,1,5
BRF:24
BRH:23
end_of_record
TN:
SF:src/loaders/plugin-loader.js
FN:19,(anonymous_0)
FN:26,(anonymous_1)
FN:31,(anonymous_2)
FNF:3
FNH:3
FNDA:6,(anonymous_0)
FNDA:6,(anonymous_1)
FNDA:6,(anonymous_2)
DA:5,1
DA:11,1
DA:19,1
DA:20,6
DA:21,6
DA:22,6
DA:23,6
DA:24,6
DA:26,6
DA:27,6
DA:28,6
DA:29,6
DA:30,6
DA:31,6
DA:33,1
DA:34,1
DA:36,6
DA:37,6
DA:38,5
DA:39,5
DA:40,3
DA:41,3
DA:46,3
DA:47,3
DA:48,1
DA:50,3
DA:52,0
DA:55,2
DA:59,6
LF:29
LH:28
BRDA:20,0,0,6
BRDA:20,0,1,0
BRDA:21,1,0,6
BRDA:21,1,1,6
BRDA:28,2,0,6
BRDA:28,2,1,0
BRDA:31,3,0,6
BRDA:31,3,1,0
BRDA:46,4,0,3
BRDA:46,4,1,0
BRDA:47,5,0,1
BRDA:47,5,1,2
BRF:12
BRH:8
end_of_record
TN:
SF:src/loaders/pubsub-loader.js
FN:21,(anonymous_0)
FN:28,(anonymous_1)
FN:33,(anonymous_2)
FNF:3
FNH:3
FNDA:6,(anonymous_0)
FNDA:6,(anonymous_1)
FNDA:6,(anonymous_2)
DA:6,1
DA:12,1
DA:21,1
DA:22,6
DA:23,6
DA:24,6
DA:25,6
DA:26,6
DA:28,6
DA:29,6
DA:30,6
DA:31,6
DA:32,6
DA:33,6
DA:35,1
DA:36,1
DA:39,6
DA:40,6
DA:42,5
DA:43,5
DA:46,5
DA:47,5
DA:48,5
DA:49,4
DA:50,4
DA:55,4
DA:56,4
DA:57,1
DA:59,4
DA:61,0
DA:65,1
DA:69,6
LF:32
LH:31
BRDA:22,0,0,6
BRDA:22,0,1,0
BRDA:23,1,0,6
BRDA:23,1,1,6
BRDA:30,2,0,6
BRDA:30,2,1,0
BRDA:33,3,0,6
BRDA:33,3,1,0
BRDA:43,4,0,5
BRDA:43,4,1,0
BRDA:46,5,0,0
BRDA:46,5,1,5
BRDA:55,6,0,4
BRDA:55,6,1,0
BRDA:56,7,0,1
BRDA:56,7,1,3
BRF:16
BRH:10
end_of_record
TN:
SF:src/loaders/resolver-loader.js
FN:11,(anonymous_0)
FN:19,(anonymous_1)
FN:20,(anonymous_2)
FN:32,(anonymous_3)
FN:41,(anonymous_4)
FN:50,(anonymous_5)
FN:51,(anonymous_6)
FN:73,(anonymous_7)
FN:86,(anonymous_8)
FN:93,(anonymous_9)
FNF:10
FNH:5
FNDA:0,(anonymous_0)
FNDA:0,(anonymous_1)
FNDA:0,(anonymous_2)
FNDA:0,(anonymous_3)
FNDA:7,(anonymous_4)
FNDA:1,(anonymous_5)
FNDA:1,(anonymous_6)
FNDA:0,(anonymous_7)
FNDA:7,(anonymous_8)
FNDA:7,(anonymous_9)
DA:5,1
DA:11,1
DA:13,0
DA:14,0
DA:15,0
DA:16,0
DA:17,0
DA:19,0
DA:20,0
DA:21,0
DA:22,0
DA:24,0
DA:25,0
DA:29,0
DA:31,0
DA:33,0
DA:41,1
DA:42,7
DA:43,7
DA:45,6
DA:46,5
DA:47,1
DA:48,0
DA:49,1
DA:50,1
DA:51,1
DA:52,1
DA:53,1
DA:55,0
DA:56,0
DA:60,0
DA:62,6
DA:63,6
DA:64,6
DA:65,2
DA:66,2
DA:68,4
DA:69,4
DA:70,1
DA:73,4
DA:74,0
DA:76,4
DA:77,0
DA:78,0
DA:82,7
DA:86,1
DA:87,7
DA:88,7
DA:89,7
DA:90,7
DA:91,7
DA:93,7
DA:94,7
DA:95,7
DA:96,7
DA:97,7
DA:98,7
DA:99,7
DA:100,7
DA:102,1
DA:106,7
DA:108,7
LF:62
LH:41
BRDA:13,0,0,0
BRDA:13,0,1,0
BRDA:15,1,0,0
BRDA:15,1,1,0
BRDA:17,2,0,0
BRDA:17,2,1,0
BRDA:17,3,0,0
BRDA:17,3,1,0
BRDA:21,4,0,0
BRDA:21,4,1,0
BRDA:33,5,0,0
BRDA:33,5,1,0
BRDA:33,5,2,0
BRDA:33,5,3,0
BRDA:45,6,0,5
BRDA:45,6,1,1
BRDA:47,7,0,0
BRDA:47,7,1,1
BRDA:49,8,0,1
BRDA:49,8,1,0
BRDA:49,9,0,1
BRDA:49,9,1,1
BRDA:52,10,0,1
BRDA:52,10,1,0
BRDA:62,11,0,0
BRDA:62,11,1,6
BRDA:64,12,0,2
BRDA:64,12,1,4
BRDA:64,13,0,6
BRDA:64,13,1,6
BRDA:64,13,2,5
BRDA:68,14,0,3
BRDA:68,14,1,1
BRDA:69,15,0,1
BRDA:69,15,1,3
BRDA:76,16,0,0
BRDA:76,16,1,4
BRDA:76,17,0,4
BRDA:76,17,1,4
BRDA:87,18,0,7
BRDA:87,18,1,0
BRDA:88,19,0,7
BRDA:88,19,1,7
BRDA:95,20,0,7
BRDA:95,20,1,0
BRDA:97,21,0,7
BRDA:97,21,1,0
BRF:47
BRH:25
end_of_record
TN:
SF:src/loaders/route-loader.js
FN:19,(anonymous_0)
FN:26,(anonymous_1)
FN:30,(anonymous_2)
FN:30,(anonymous_3)
FNF:4
FNH:4
FNDA:6,(anonymous_0)
FNDA:6,(anonymous_1)
FNDA:6,(anonymous_2)
FNDA:1,(anonymous_3)
DA:6,1
DA:12,1
DA:19,1
DA:20,6
DA:21,6
DA:22,6
DA:23,6
DA:24,6
DA:26,6
DA:27,6
DA:28,6
DA:29,6
DA:30,6
DA:31,1
DA:32,1
DA:35,6
DA:36,6
DA:37,6
DA:39,5
DA:40,5
DA:41,5
DA:44,5
DA:45,5
DA:46,5
DA:47,5
DA:48,0
DA:49,0
DA:54,0
DA:55,0
DA:56,0
DA:58,0
DA:60,0
DA:64,5
DA:68,6
LF:34
LH:27
BRDA:20,0,0,6
BRDA:20,0,1,0
BRDA:21,1,0,6
BRDA:21,1,1,6
BRDA:28,2,0,6
BRDA:28,2,1,0
BRDA:29,3,0,6
BRDA:29,3,1,0
BRDA:37,4,0,1
BRDA:37,4,1,5
BRDA:40,5,0,5
BRDA:40,5,1,0
BRDA:41,6,0,5
BRDA:41,6,1,0
BRDA:44,7,0,0
BRDA:44,7,1,5
BRDA:46,8,0,0
BRDA:46,8,1,5
BRDA:54,9,0,0
BRDA:54,9,1,0
BRDA:55,10,0,0
BRDA:55,10,1,0
BRF:22
BRH:11
end_of_record
TN:
SF:src/loaders/sdl-loader.js
FN:19,(anonymous_0)
FN:27,(anonymous_1)
FN:34,(anonymous_2)
FN:38,(anonymous_3)
FN:38,(anonymous_4)
FNF:5
FNH:5
FNDA:5,(anonymous_0)
FNDA:6,(anonymous_1)
FNDA:6,(anonymous_2)
FNDA:6,(anonymous_3)
FNDA:1,(anonymous_4)
DA:5,1
DA:11,1
DA:19,1
DA:20,5
DA:21,5
DA:22,5
DA:23,5
DA:27,1
DA:28,6
DA:29,6
DA:30,6
DA:31,6
DA:32,6
DA:34,6
DA:35,6
DA:36,6
DA:37,6
DA:38,6
DA:39,1
DA:40,1
DA:43,6
DA:44,6
DA:45,6
DA:46,5
DA:47,5
DA:48,5
DA:49,5
DA:50,5
DA:51,0
DA:52,0
DA:57,0
DA:58,0
DA:59,0
DA:61,0
DA:63,0
DA:67,5
DA:70,6
DA:72,6
LF:38
LH:31
BRDA:20,0,0,0
BRDA:20,0,1,5
BRDA:20,1,0,5
BRDA:20,1,1,5
BRDA:21,2,0,5
BRDA:21,2,1,0
BRDA:22,3,0,5
BRDA:22,3,1,0
BRDA:23,4,0,0
BRDA:23,4,1,5
BRDA:28,5,0,6
BRDA:28,5,1,0
BRDA:29,6,0,6
BRDA:29,6,1,6
BRDA:36,7,0,6
BRDA:36,7,1,0
BRDA:37,8,0,6
BRDA:37,8,1,0
BRDA:45,9,0,1
BRDA:45,9,1,5
BRDA:49,10,0,0
BRDA:49,10,1,5
BRDA:57,11,0,0
BRDA:57,11,1,0
BRDA:58,12,0,0
BRDA:58,12,1,0
BRF:26
BRH:14
end_of_record
TN:
SF:src/loaders/service-loader.js
FN:19,(anonymous_0)
FN:28,(anonymous_1)
FN:35,(anonymous_2)
FN:38,(anonymous_3)
FN:38,(anonymous_4)
FNF:5
FNH:5
FNDA:6,(anonymous_0)
FNDA:7,(anonymous_1)
FNDA:7,(anonymous_2)
FNDA:7,(anonymous_3)
FNDA:1,(anonymous_4)
DA:6,1
DA:12,1
DA:19,1
DA:20,6
DA:21,6
DA:22,5
DA:24,1
DA:28,1
DA:29,7
DA:30,7
DA:31,7
DA:32,7
DA:33,7
DA:35,7
DA:36,7
DA:37,7
DA:38,7
DA:39,1
DA:40,1
DA:42,7
DA:43,7
DA:44,7
DA:46,6
DA:47,6
DA:48,6
DA:49,6
DA:51,4
DA:52,4
DA:57,4
DA:58,4
DA:59,1
DA:61,4
DA:63,0
DA:66,2
DA:70,7
LF:35
LH:34
BRDA:20,0,0,0
BRDA:20,0,1,6
BRDA:20,1,0,6
BRDA:20,1,1,6
BRDA:21,2,0,5
BRDA:21,2,1,1
BRDA:24,3,0,1
BRDA:24,3,1,1
BRDA:29,4,0,7
BRDA:29,4,1,0
BRDA:30,5,0,7
BRDA:30,5,1,7
BRDA:31,6,0,7
BRDA:31,6,1,0
BRDA:32,7,0,7
BRDA:32,7,1,0
BRDA:44,8,0,1
BRDA:44,8,1,6
BRDA:48,9,0,0
BRDA:48,9,1,6
BRDA:57,10,0,4
BRDA:57,10,1,0
BRDA:57,11,0,4
BRDA:57,11,1,4
BRDA:58,12,0,1
BRDA:58,12,1,3
BRF:26
BRH:20
end_of_record
TN:
SF:src/loaders/type-loader.js
FN:155,(anonymous_0)
FN:156,(anonymous_1)
FN:157,(anonymous_2)
FN:158,(anonymous_3)
FN:159,(anonymous_4)
FN:160,(anonymous_5)
FN:161,(anonymous_6)
FN:162,(anonymous_7)
FN:163,(anonymous_8)
FN:164,(anonymous_9)
FN:175,(anonymous_10)
FN:176,(anonymous_11)
FNF:12
FNH:0
FNDA:0,(anonymous_0)
FNDA:0,(anonymous_1)
FNDA:0,(anonymous_2)
FNDA:0,(anonymous_3)
FNDA:0,(anonymous_4)
FNDA:0,(anonymous_5)
FNDA:0,(anonymous_6)
FNDA:0,(anonymous_7)
FNDA:0,(anonymous_8)
FNDA:0,(anonymous_9)
FNDA:0,(anonymous_10)
FNDA:0,(anonymous_11)
DA:5,1
DA:46,1
DA:137,1
DA:153,1
DA:155,0
DA:156,0
DA:157,0
DA:158,0
DA:159,0
DA:160,0
DA:161,0
DA:162,0
DA:163,0
DA:164,0
DA:169,1
DA:175,1
DA:176,0
DA:177,0
DA:179,0
DA:180,0
DA:183,0
DA:185,0
DA:186,0
LF:23
LH:6
BRDA:175,0,0,0
BRF:1
BRH:0
end_of_record
TN:
SF:src/loaders/typeComposer-loader.js
FN:21,typeComposerLoader
FN:76,(anonymous_1)
FN:98,(anonymous_2)
FN:126,(anonymous_3)
FNF:4
FNH:3
FNDA:17,typeComposerLoader
FNDA:15,(anonymous_1)
FNDA:1,(anonymous_2)
FNDA:0,(anonymous_3)
DA:21,1
DA:36,17
DA:39,17
DA:42,17
DA:43,17
DA:45,0
DA:49,17
DA:50,17
DA:51,16
DA:52,1
DA:55,2
DA:56,2
DA:57,2
DA:61,15
DA:62,15
DA:63,15
DA:65,0
DA:66,0
DA:67,0
DA:71,15
DA:72,15
DA:75,15
DA:76,15
DA:77,15
DA:78,17
DA:79,16
DA:80,16
DA:82,1
DA:83,0
DA:84,0
DA:86,1
DA:87,1
DA:88,1
DA:89,1
DA:90,0
DA:91,0
DA:93,1
DA:94,1
DA:99,1
DA:103,15
DA:104,15
DA:106,1
DA:110,14
DA:111,14
DA:112,5
DA:113,2
DA:119,13
DA:120,11
DA:121,11
DA:125,13
DA:126,1
DA:127,0
DA:132,13
DA:133,13
DA:135,0
DA:139,13
LF:56
LH:46
BRDA:21,0,0,0
BRDA:24,1,0,15
BRDA:25,2,0,14
BRDA:27,3,0,16
BRDA:39,4,0,17
BRDA:39,4,1,6
BRDA:51,5,0,1
BRDA:51,5,1,15
BRDA:51,6,0,16
BRDA:51,6,1,16
BRDA:63,7,0,15
BRDA:63,7,1,0
BRDA:78,8,0,16
BRDA:78,8,1,1
BRDA:78,9,0,17
BRDA:78,9,1,17
BRDA:82,10,0,0
BRDA:82,10,1,1
BRDA:110,11,0,14
BRDA:110,11,1,0
BRDA:112,12,0,2
BRDA:112,12,1,3
BRDA:119,13,0,11
BRDA:119,13,1,2
BRDA:125,14,0,1
BRDA:125,14,1,12
BRDA:139,15,0,11
BRDA:139,15,1,2
BRF:28
BRH:24
end_of_record
TN:
SF:src/loaders/action-loader-2/extractActions.js
FN:2,(anonymous_0)
FN:13,(anonymous_1)
FN:14,(anonymous_2)
FN:32,(anonymous_3)
FNF:4
FNH:4
FNDA:19,(anonymous_0)
FNDA:3,(anonymous_1)
FNDA:3,(anonymous_2)
FNDA:12,(anonymous_3)
DA:2,2
DA:3,19
DA:4,19
DA:6,24
DA:8,4
DA:9,20
DA:10,16
DA:11,4
DA:13,3
DA:14,3
DA:15,3
DA:16,0
DA:18,3
DA:19,3
DA:23,1
DA:25,23
DA:26,31
DA:27,27
DA:28,27
DA:29,4
DA:32,27
DA:33,12
DA:35,27
DA:36,4
DA:37,4
DA:41,19
LF:26
LH:25
BRDA:6,0,0,4
BRDA:6,0,1,20
BRDA:9,1,0,16
BRDA:9,1,1,4
BRDA:11,2,0,3
BRDA:11,2,1,1
BRDA:11,3,0,4
BRDA:11,3,1,3
BRDA:15,4,0,0
BRDA:15,4,1,3
BRDA:26,5,0,4
BRDA:26,5,1,27
BRDA:26,6,0,31
BRDA:26,6,1,30
BRDA:26,6,2,29
BRDA:27,7,0,19
BRDA:27,7,1,8
BRDA:28,8,0,4
BRDA:28,8,1,23
BRDA:35,9,0,4
BRDA:35,9,1,23
BRDA:35,10,0,27
BRDA:35,10,1,23
BRF:23
BRH:22
end_of_record
TN:
SF:src/loaders/action-loader-2/index.js
FN:8,(anonymous_0)
FN:18,(anonymous_1)
FN:21,(anonymous_2)
FN:29,(anonymous_3)
FN:43,(anonymous_4)
FN:46,(anonymous_5)
FN:56,(anonymous_6)
FN:58,(anonymous_7)
FN:64,(anonymous_8)
FNF:9
FNH:8
FNDA:2,(anonymous_0)
FNDA:2,(anonymous_1)
FNDA:1,(anonymous_2)
FNDA:2,(anonymous_3)
FNDA:2,(anonymous_4)
FNDA:7,(anonymous_5)
FNDA:4,(anonymous_6)
FNDA:6,(anonymous_7)
FNDA:0,(anonymous_8)
DA:8,2
DA:9,2
DA:10,2
DA:14,2
DA:15,2
DA:16,2
DA:18,2
DA:19,2
DA:20,2
DA:21,2
DA:22,2
DA:24,2
DA:29,2
DA:40,2
DA:43,2
DA:45,2
DA:46,7
DA:49,2
DA:53,2
DA:57,4
DA:58,6
DA:62,2
DA:64,2
LF:23
LH:23
BRDA:9,0,0,2
BRDA:9,0,1,0
BRDA:10,1,0,2
BRDA:10,1,1,1
BRDA:20,2,0,1
BRDA:20,2,1,1
BRDA:21,3,0,1
BRDA:21,3,1,1
BRDA:29,4,0,0
BRDA:31,5,0,2
BRDA:38,6,0,2
BRDA:45,7,0,2
BRDA:45,7,1,0
BRDA:46,8,0,2
BRDA:46,8,1,0
BRDA:49,9,0,2
BRDA:49,9,1,0
BRDA:53,10,0,2
BRDA:53,10,1,2
BRDA:53,10,2,2
BRDA:57,11,0,4
BRDA:57,11,1,4
BRDA:58,12,0,6
BRDA:58,12,1,0
BRDA:58,12,2,0
BRDA:62,13,0,2
BRDA:62,13,1,0
BRF:27
BRH:19
end_of_record
TN:
SF:src/loaders/action-loader-2/validateActionModule.js
FN:2,(anonymous_0)
FN:9,(anonymous_1)
FN:10,(anonymous_2)
FN:22,(anonymous_3)
FNF:4
FNH:4
FNDA:10,(anonymous_0)
FNDA:1,(anonymous_1)
FNDA:1,(anonymous_2)
FNDA:7,(anonymous_3)
DA:2,2
DA:4,10
DA:5,1
DA:6,9
DA:7,6
DA:8,3
DA:9,2
DA:10,1
DA:11,1
DA:12,1
DA:14,0
DA:15,0
DA:19,1
DA:21,9
DA:23,7
LF:15
LH:13
BRDA:4,0,0,1
BRDA:4,0,1,9
BRDA:6,1,0,6
BRDA:6,1,1,3
BRDA:8,2,0,2
BRDA:8,2,1,1
BRDA:8,3,0,3
BRDA:8,3,1,2
BRDA:11,4,0,1
BRDA:11,4,1,0
BRDA:23,5,0,7
BRDA:23,5,1,7
BRDA:23,5,2,6
BRDA:23,5,3,5
BRF:14
BRH:13
end_of_record
TN:
SF:src/loaders/handler-loader/extractHandlers.js
FN:2,(anonymous_0)
FN:13,(anonymous_1)
FN:14,(anonymous_2)
FN:32,(anonymous_3)
FNF:4
FNH:4
FNDA:22,(anonymous_0)
FNDA:3,(anonymous_1)
FNDA:3,(anonymous_2)
FNDA:10,(anonymous_3)
DA:2,2
DA:3,22
DA:4,22
DA:6,21
DA:8,3
DA:9,18
DA:10,14
DA:11,4
DA:13,3
DA:14,3
DA:15,3
DA:16,0
DA:18,3
DA:19,3
DA:23,1
DA:25,20
DA:26,28
DA:27,24
DA:28,24
DA:29,4
DA:32,24
DA:33,10
DA:35,24
DA:36,4
DA:37,4
DA:41,22
LF:26
LH:25
BRDA:6,0,0,3
BRDA:6,0,1,18
BRDA:9,1,0,14
BRDA:9,1,1,4
BRDA:11,2,0,3
BRDA:11,2,1,1
BRDA:11,3,0,4
BRDA:11,3,1,3
BRDA:15,4,0,0
BRDA:15,4,1,3
BRDA:26,5,0,4
BRDA:26,5,1,24
BRDA:26,6,0,28
BRDA:26,6,1,27
BRDA:26,6,2,26
BRDA:27,7,0,17
BRDA:27,7,1,7
BRDA:28,8,0,4
BRDA:28,8,1,20
BRDA:35,9,0,4
BRDA:35,9,1,20
BRDA:35,10,0,24
BRDA:35,10,1,20
BRF:23
BRH:22
end_of_record
TN:
SF:src/loaders/handler-loader/index.js
FN:7,(anonymous_0)
FN:18,(anonymous_1)
FN:21,(anonymous_2)
FN:31,(anonymous_3)
FN:33,(anonymous_4)
FN:39,(anonymous_5)
FNF:6
FNH:5
FNDA:4,(anonymous_0)
FNDA:8,(anonymous_1)
FNDA:7,(anonymous_2)
FNDA:4,(anonymous_3)
FNDA:6,(anonymous_4)
FNDA:0,(anonymous_5)
DA:7,2
DA:15,4
DA:18,4
DA:20,8
DA:21,8
DA:24,8
DA:28,8
DA:32,4
DA:33,6
DA:37,8
DA:39,8
LF:11
LH:11
BRDA:7,0,0,2
BRDA:9,1,0,4
BRDA:13,2,0,4
BRDA:20,3,0,2
BRDA:20,3,1,6
BRDA:21,4,0,2
BRDA:21,4,1,6
BRDA:24,5,0,8
BRDA:24,5,1,0
BRDA:28,6,0,8
BRDA:28,6,1,8
BRDA:28,6,2,8
BRDA:32,7,0,4
BRDA:32,7,1,4
BRDA:33,8,0,6
BRDA:33,8,1,0
BRDA:33,8,2,0
BRDA:37,9,0,8
BRDA:37,9,1,0
BRF:19
BRH:15
end_of_record
TN:
SF:src/loaders/handler-loader/validateHandlerModule.js
FN:2,(anonymous_0)
FN:9,(anonymous_1)
FN:10,(anonymous_2)
FN:22,(anonymous_3)
FNF:4
FNH:0
FNDA:0,(anonymous_0)
FNDA:0,(anonymous_1)
FNDA:0,(anonymous_2)
FNDA:0,(anonymous_3)
DA:2,2
DA:4,0
DA:5,0
DA:6,0
DA:7,0
DA:8,0
DA:9,0
DA:10,0
DA:11,0
DA:12,0
DA:14,0
DA:15,0
DA:19,0
DA:21,0
DA:23,0
LF:15
LH:1
BRDA:4,0,0,0
BRDA:4,0,1,0
BRDA:6,1,0,0
BRDA:6,1,1,0
BRDA:8,2,0,0
BRDA:8,2,1,0
BRDA:8,3,0,0
BRDA:8,3,1,0
BRDA:11,4,0,0
BRDA:11,4,1,0
BRDA:23,5,0,0
BRDA:23,5,1,0
BRDA:23,5,2,0
BRDA:23,5,3,0
BRF:14
BRH:0
end_of_record
TN:
SF:src/utils/action-loader-utils.js
FN:10,(anonymous_0)
FN:62,(anonymous_1)
FN:69,(anonymous_2)
FN:70,(anonymous_3)
FN:82,(anonymous_4)
FNF:5
FNH:0
FNDA:0,(anonymous_0)
FNDA:0,(anonymous_1)
FNDA:0,(anonymous_2)
FNDA:0,(anonymous_3)
FNDA:0,(anonymous_4)
DA:10,1
DA:11,0
DA:12,0
DA:13,0
DA:14,0
DA:16,0
DA:17,0
DA:18,0
DA:19,0
DA:22,0
DA:23,0
DA:24,0
DA:25,0
DA:29,0
DA:30,0
DA:31,0
DA:32,0
DA:36,0
DA:37,0
DA:38,0
DA:39,0
DA:43,0
DA:44,0
DA:46,0
DA:47,0
DA:48,0
DA:52,0
DA:62,1
DA:64,0
DA:65,0
DA:66,0
DA:67,0
DA:68,0
DA:69,0
DA:70,0
DA:71,0
DA:72,0
DA:74,0
DA:75,0
DA:79,0
DA:81,0
DA:83,0
LF:42
LH:2
BRDA:11,0,0,0
BRDA:11,0,1,0
BRDA:11,1,0,0
BRDA:11,1,1,0
BRDA:22,2,0,0
BRDA:22,2,1,0
BRDA:22,3,0,0
BRDA:22,3,1,0
BRDA:25,4,0,0
BRDA:25,4,1,0
BRDA:29,5,0,0
BRDA:29,5,1,0
BRDA:29,6,0,0
BRDA:29,6,1,0
BRDA:32,7,0,0
BRDA:32,7,1,0
BRDA:37,8,0,0
BRDA:37,8,1,0
BRDA:37,9,0,0
BRDA:37,9,1,0
BRDA:37,9,2,0
BRDA:43,10,0,0
BRDA:43,10,1,0
BRDA:43,11,0,0
BRDA:43,11,1,0
BRDA:46,12,0,0
BRDA:46,12,1,0
BRDA:48,13,0,0
BRDA:48,13,1,0
BRDA:64,14,0,0
BRDA:64,14,1,0
BRDA:66,15,0,0
BRDA:66,15,1,0
BRDA:68,16,0,0
BRDA:68,16,1,0
BRDA:68,17,0,0
BRDA:68,17,1,0
BRDA:71,18,0,0
BRDA:71,18,1,0
BRDA:83,19,0,0
BRDA:83,19,1,0
BRDA:83,19,2,0
BRDA:83,19,3,0
BRF:43
BRH:0
end_of_record
TN:
SF:src/utils/async-collection-utils.js
FN:5,(anonymous_0)
FN:5,(anonymous_1)
FN:8,(anonymous_2)
FN:8,(anonymous_3)
FN:11,(anonymous_4)
FN:14,(anonymous_5)
FN:14,(anonymous_6)
FN:22,(anonymous_7)
FN:22,(anonymous_8)
FN:33,(anonymous_9)
FN:33,(anonymous_10)
FN:36,(anonymous_11)
FN:44,(anonymous_12)
FN:44,(anonymous_13)
FN:47,(anonymous_14)
FN:48,(anonymous_15)
FN:49,(anonymous_16)
FN:52,(anonymous_17)
FN:52,(anonymous_18)
FN:54,(anonymous_19)
FNF:20
FNH:5
FNDA:6,(anonymous_0)
FNDA:6,(anonymous_1)
FNDA:5,(anonymous_2)
FNDA:5,(anonymous_3)
FNDA:5,(anonymous_4)
FNDA:0,(anonymous_5)
FNDA:0,(anonymous_6)
FNDA:0,(anonymous_7)
FNDA:0,(anonymous_8)
FNDA:0,(anonymous_9)
FNDA:0,(anonymous_10)
FNDA:0,(anonymous_11)
FNDA:0,(anonymous_12)
FNDA:0,(anonymous_13)
FNDA:0,(anonymous_14)
FNDA:0,(anonymous_15)
FNDA:0,(anonymous_16)
FNDA:0,(anonymous_17)
FNDA:0,(anonymous_18)
FNDA:0,(anonymous_19)
DA:5,7
DA:6,6
DA:8,7
DA:9,5
DA:10,5
DA:11,5
DA:14,7
DA:15,0
DA:16,0
DA:17,0
DA:19,0
DA:22,7
DA:23,0
DA:24,0
DA:25,0
DA:26,0
DA:27,0
DA:28,0
DA:30,0
DA:33,7
DA:34,0
DA:35,0
DA:37,0
DA:44,7
DA:45,0
DA:46,0
DA:47,0
DA:48,0
DA:49,0
DA:52,7
DA:53,0
DA:54,0
DA:55,0
LF:33
LH:11
BRDA:6,0,0,6
BRDA:6,0,1,0
BRDA:9,1,0,0
BRDA:9,1,1,5
BRDA:23,2,0,0
BRDA:23,2,1,0
BRDA:27,3,0,0
BRDA:27,3,1,0
BRDA:37,4,0,0
BRDA:37,4,1,0
BRF:10
BRH:2
end_of_record
TN:
SF:src/utils/async-control-utils.js
FN:5,(anonymous_0)
FN:7,(anonymous_1)
FN:9,(anonymous_2)
FN:10,(anonymous_3)
FN:17,(anonymous_4)
FN:19,(anonymous_5)
FN:28,(anonymous_6)
FN:29,(anonymous_7)
FN:37,(anonymous_8)
FN:46,(anonymous_9)
FN:48,(anonymous_10)
FNF:11
FNH:0
FNDA:0,(anonymous_0)
FNDA:0,(anonymous_1)
FNDA:0,(anonymous_2)
FNDA:0,(anonymous_3)
FNDA:0,(anonymous_4)
FNDA:0,(anonymous_5)
FNDA:0,(anonymous_6)
FNDA:0,(anonymous_7)
FNDA:0,(anonymous_8)
FNDA:0,(anonymous_9)
FNDA:0,(anonymous_10)
DA:5,4
DA:7,0
DA:8,0
DA:9,0
DA:10,0
DA:11,0
DA:17,4
DA:18,0
DA:19,0
DA:20,0
DA:21,0
DA:22,0
DA:23,0
DA:28,4
DA:29,0
DA:31,0
DA:32,0
DA:33,0
DA:35,0
DA:36,0
DA:37,0
DA:38,0
DA:43,0
DA:46,4
DA:47,0
DA:48,0
DA:49,0
DA:50,0
DA:51,0
DA:52,0
DA:54,0
DA:55,0
DA:56,0
LF:33
LH:4
BRDA:21,0,0,0
BRDA:21,0,1,0
BRDA:28,1,0,0
BRDA:28,2,0,0
BRDA:28,3,0,0
BRDA:36,4,0,0
BRDA:36,4,1,0
BRDA:46,5,0,0
BRDA:46,6,0,0
BRDA:51,7,0,0
BRDA:51,7,1,0
BRDA:51,8,0,0
BRDA:51,8,1,0
BRF:13
BRH:0
end_of_record
TN:
SF:src/utils/async-pipeline-utils.js
FN:6,(anonymous_0)
FN:7,(anonymous_1)
FN:8,(anonymous_2)
FN:12,(anonymous_3)
FN:15,(anonymous_4)
FN:16,(anonymous_5)
FN:25,(anonymous_6)
FN:28,(anonymous_7)
FN:28,(anonymous_8)
FNF:9
FNH:3
FNDA:17,(anonymous_0)
FNDA:17,(anonymous_1)
FNDA:24,(anonymous_2)
FNDA:0,(anonymous_3)
FNDA:0,(anonymous_4)
FNDA:0,(anonymous_5)
FNDA:0,(anonymous_6)
FNDA:0,(anonymous_7)
FNDA:0,(anonymous_8)
DA:6,7
DA:7,17
DA:8,24
DA:12,7
DA:13,0
DA:15,7
DA:16,0
DA:17,0
DA:18,0
DA:20,0
DA:21,0
DA:25,7
DA:26,0
DA:28,7
DA:29,0
DA:30,0
LF:16
LH:7
BRF:0
BRH:0
end_of_record
TN:
SF:src/utils/file-utils.js
FN:7,(anonymous_0)
FN:9,(anonymous_1)
FN:16,(anonymous_2)
FN:24,(anonymous_3)
FN:25,(anonymous_4)
FN:26,(anonymous_5)
FN:27,(anonymous_6)
FN:29,(anonymous_7)
FN:31,(anonymous_8)
FN:31,(anonymous_9)
FN:35,(anonymous_10)
FN:49,(anonymous_11)
FN:59,(anonymous_12)
FN:69,(anonymous_13)
FN:76,(anonymous_14)
FN:79,(anonymous_15)
FN:88,(anonymous_16)
FN:98,(anonymous_17)
FN:108,(anonymous_18)
FNF:19
FNH:1
FNDA:2,(anonymous_0)
FNDA:0,(anonymous_1)
FNDA:0,(anonymous_2)
FNDA:0,(anonymous_3)
FNDA:0,(anonymous_4)
FNDA:0,(anonymous_5)
FNDA:0,(anonymous_6)
FNDA:0,(anonymous_7)
FNDA:0,(anonymous_8)
FNDA:0,(anonymous_9)
FNDA:0,(anonymous_10)
FNDA:0,(anonymous_11)
FNDA:0,(anonymous_12)
FNDA:0,(anonymous_13)
FNDA:0,(anonymous_14)
FNDA:0,(anonymous_15)
FNDA:0,(anonymous_16)
FNDA:0,(anonymous_17)
FNDA:0,(anonymous_18)
DA:7,12
DA:8,2
DA:9,0
DA:10,0
DA:12,0
DA:16,12
DA:17,0
DA:18,0
DA:24,12
DA:25,0
DA:26,0
DA:27,0
DA:28,0
DA:29,0
DA:31,0
DA:35,12
DA:36,0
DA:37,0
DA:38,0
DA:49,12
DA:50,0
DA:51,0
DA:52,0
DA:59,12
DA:60,0
DA:61,0
DA:62,0
DA:69,12
DA:70,0
DA:71,0
DA:72,0
DA:76,12
DA:77,0
DA:78,0
DA:79,0
DA:88,12
DA:89,0
DA:90,0
DA:91,0
DA:98,12
DA:99,0
DA:100,0
DA:101,0
DA:108,12
DA:109,0
DA:110,0
DA:111,0
LF:47
LH:12
BRDA:8,0,0,2
BRDA:8,0,1,0
BRDA:18,1,0,0
BRDA:18,1,1,0
BRDA:25,2,0,0
BRDA:25,2,1,0
BRDA:26,3,0,0
BRDA:26,3,1,0
BRDA:36,4,0,0
BRDA:36,4,1,0
BRDA:50,5,0,0
BRDA:50,5,1,0
BRDA:60,6,0,0
BRDA:60,6,1,0
BRDA:70,7,0,0
BRDA:70,7,1,0
BRDA:77,8,0,0
BRDA:77,8,1,0
BRDA:89,9,0,0
BRDA:89,9,1,0
BRDA:89,10,0,0
BRDA:89,10,1,0
BRDA:99,11,0,0
BRDA:99,11,1,0
BRDA:99,12,0,0
BRDA:99,12,1,0
BRDA:109,13,0,0
BRDA:109,13,1,0
BRF:28
BRH:1
end_of_record
TN:
SF:src/utils/index.js
FNF:0
FNH:0
LF:0
LH:0
BRF:0
BRH:0
end_of_record
TN:
SF:src/utils/loader-logger.js
FN:2,getLoaderLogger
FN:9,(anonymous_1)
FN:10,(anonymous_2)
FN:11,(anonymous_3)
FN:12,(anonymous_4)
FNF:5
FNH:4
FNDA:100,getLoaderLogger
FNDA:19,(anonymous_1)
FNDA:64,(anonymous_2)
FNDA:1,(anonymous_3)
FNDA:0,(anonymous_4)
DA:4,100
DA:8,100
DA:9,19
DA:10,64
DA:11,1
DA:12,0
LF:6
LH:5
BRDA:2,0,0,0
BRDA:2,1,0,0
BRDA:4,2,0,100
BRDA:4,2,1,6
BRDA:4,2,2,6
BRDA:4,2,3,0
BRDA:4,2,4,0
BRDA:9,3,0,19
BRDA:9,3,1,19
BRDA:10,4,0,64
BRDA:10,4,1,64
BRDA:11,5,0,1
BRDA:11,5,1,1
BRDA:12,6,0,0
BRDA:12,6,1,0
BRF:15
BRH:9
end_of_record
TN:
SF:src/utils/loader-utils.js
FN:7,(anonymous_0)
FN:26,(anonymous_1)
FN:29,(anonymous_2)
FN:36,(anonymous_3)
FN:41,(anonymous_4)
FN:43,(anonymous_5)
FN:46,(anonymous_6)
FN:57,(anonymous_7)
FN:75,(anonymous_8)
FN:80,(anonymous_9)
FN:84,(anonymous_10)
FN:91,(anonymous_11)
FN:92,(anonymous_12)
FN:94,(anonymous_13)
FN:126,(anonymous_14)
FN:129,(anonymous_15)
FN:132,(anonymous_16)
FN:140,(anonymous_17)
FN:151,(anonymous_18)
FN:154,(anonymous_19)
FN:171,(anonymous_20)
FN:174,(anonymous_21)
FN:177,(anonymous_22)
FN:191,(anonymous_23)
FN:194,(anonymous_24)
FN:210,buildRegistry
FN:220,(anonymous_26)
FN:222,(anonymous_27)
FN:239,(anonymous_28)
FNF:29
FNH:0
FNDA:0,(anonymous_0)
FNDA:0,(anonymous_1)
FNDA:0,(anonymous_2)
FNDA:0,(anonymous_3)
FNDA:0,(anonymous_4)
FNDA:0,(anonymous_5)
FNDA:0,(anonymous_6)
FNDA:0,(anonymous_7)
FNDA:0,(anonymous_8)
FNDA:0,(anonymous_9)
FNDA:0,(anonymous_10)
FNDA:0,(anonymous_11)
FNDA:0,(anonymous_12)
FNDA:0,(anonymous_13)
FNDA:0,(anonymous_14)
FNDA:0,(anonymous_15)
FNDA:0,(anonymous_16)
FNDA:0,(anonymous_17)
FNDA:0,(anonymous_18)
FNDA:0,(anonymous_19)
FNDA:0,(anonymous_20)
FNDA:0,(anonymous_21)
FNDA:0,(anonymous_22)
FNDA:0,(anonymous_23)
FNDA:0,(anonymous_24)
FNDA:0,buildRegistry
FNDA:0,(anonymous_26)
FNDA:0,(anonymous_27)
FNDA:0,(anonymous_28)
DA:7,6
DA:18,0
DA:21,0
DA:22,0
DA:23,0
DA:26,0
DA:27,0
DA:28,0
DA:29,0
DA:32,0
DA:36,0
DA:38,0
DA:39,0
DA:40,0
DA:41,0
DA:43,0
DA:45,0
DA:46,0
DA:49,0
DA:50,0
DA:53,0
DA:57,0
DA:58,0
DA:60,0
DA:63,0
DA:69,0
DA:70,0
DA:74,0
DA:75,0
DA:79,0
DA:80,0
DA:84,0
DA:85,0
DA:88,0
DA:91,0
DA:92,0
DA:94,0
DA:95,0
DA:96,0
DA:97,0
DA:98,0
DA:99,0
DA:100,0
DA:103,0
DA:107,0
DA:110,0
DA:112,0
DA:117,0
DA:118,0
DA:122,0
DA:126,6
DA:127,0
DA:129,0
DA:131,0
DA:132,0
DA:136,0
DA:139,0
DA:140,0
DA:143,0
DA:151,6
DA:152,0
DA:154,0
DA:156,0
DA:161,0
DA:163,0
DA:171,6
DA:172,0
DA:174,0
DA:176,0
DA:177,0
DA:181,0
DA:183,0
DA:191,6
DA:192,0
DA:194,0
DA:196,0
DA:201,0
DA:203,0
DA:212,0
DA:213,0
DA:215,0
DA:216,0
DA:218,0
DA:220,0
DA:221,0
DA:223,0
DA:224,0
DA:225,0
DA:227,0
DA:228,0
DA:229,0
DA:231,0
DA:232,0
DA:233,0
DA:234,0
DA:236,0
DA:240,0
DA:241,0
DA:243,0
DA:244,0
LF:100
LH:5
BRDA:7,0,0,0
BRDA:9,1,0,0
BRDA:10,2,0,0
BRDA:11,3,0,0
BRDA:12,4,0,0
BRDA:13,5,0,0
BRDA:14,6,0,0
BRDA:21,7,0,0
BRDA:21,7,1,0
BRDA:22,8,0,0
BRDA:22,8,1,0
BRDA:23,9,0,0
BRDA:23,9,1,0
BRDA:38,10,0,0
BRDA:38,10,1,0
BRDA:40,11,0,0
BRDA:40,11,1,0
BRDA:49,12,0,0
BRDA:49,12,1,0
BRDA:69,13,0,0
BRDA:69,13,1,0
BRDA:84,14,0,0
BRDA:84,14,1,0
BRDA:92,15,0,0
BRDA:92,15,1,0
BRDA:97,16,0,0
BRDA:97,16,1,0
BRDA:126,17,0,0
BRDA:126,18,0,0
BRDA:132,19,0,0
BRDA:132,19,1,0
BRDA:140,20,0,0
BRDA:140,20,1,0
BRDA:151,21,0,0
BRDA:151,22,0,0
BRDA:171,23,0,0
BRDA:171,24,0,0
BRDA:191,25,0,0
BRDA:191,26,0,0
BRDA:213,27,0,0
BRDA:213,27,1,0
BRDA:213,28,0,0
BRDA:213,28,1,0
BRDA:213,28,2,0
BRDA:218,29,0,0
BRDA:218,29,1,0
BRDA:220,30,0,0
BRDA:220,30,1,0
BRDA:223,31,0,0
BRDA:223,31,1,0
BRDA:223,32,0,0
BRDA:223,32,1,0
BRDA:227,33,0,0
BRDA:227,33,1,0
BRDA:227,34,0,0
BRDA:227,34,1,0
BRDA:231,35,0,0
BRDA:231,35,1,0
BRDA:232,36,0,0
BRDA:232,36,1,0
BRDA:232,37,0,0
BRDA:232,37,1,0
BRDA:240,38,0,0
BRDA:240,38,1,0
BRF:64
BRH:0
end_of_record
TN:
SF:src/utils/registry-utils.js
FN:6,(anonymous_0)
FN:7,(anonymous_1)
FN:13,(anonymous_2)
FN:15,(anonymous_3)
FN:22,(anonymous_4)
FN:23,(anonymous_5)
FN:26,(anonymous_6)
FN:48,(anonymous_7)
FN:50,(anonymous_8)
FN:56,(anonymous_9)
FN:58,(anonymous_10)
FNF:11
FNH:0
FNDA:0,(anonymous_0)
FNDA:0,(anonymous_1)
FNDA:0,(anonymous_2)
FNDA:0,(anonymous_3)
FNDA:0,(anonymous_4)
FNDA:0,(anonymous_5)
FNDA:0,(anonymous_6)
FNDA:0,(anonymous_7)
FNDA:0,(anonymous_8)
FNDA:0,(anonymous_9)
FNDA:0,(anonymous_10)
DA:6,4
DA:7,0
DA:13,4
DA:14,0
DA:15,0
DA:16,0
DA:17,0
DA:19,0
DA:22,4
DA:23,0
DA:26,4
DA:27,0
DA:45,0
DA:48,4
DA:49,0
DA:50,0
DA:56,4
DA:57,0
DA:59,0
LF:19
LH:6
BRDA:16,0,0,0
BRDA:16,0,1,0
BRDA:45,1,0,0
BRDA:45,1,1,0
BRDA:58,2,0,0
BRF:5
BRH:0
end_of_record
TN:
SF:src/utils/validate-utils.js
FN:4,(anonymous_0)
FN:9,(anonymous_1)
FN:11,(anonymous_2)
FN:13,(anonymous_3)
FN:15,(anonymous_4)
FN:22,(anonymous_5)
FN:30,(anonymous_6)
FN:32,(anonymous_7)
FN:39,(anonymous_8)
FN:68,(anonymous_9)
FN:71,(anonymous_10)
FN:78,(anonymous_11)
FN:94,(anonymous_12)
FNF:13
FNH:2
FNDA:5,(anonymous_0)
FNDA:0,(anonymous_1)
FNDA:0,(anonymous_2)
FNDA:0,(anonymous_3)
FNDA:0,(anonymous_4)
FNDA:0,(anonymous_5)
FNDA:5,(anonymous_6)
FNDA:0,(anonymous_7)
FNDA:0,(anonymous_8)
FNDA:0,(anonymous_9)
FNDA:0,(anonymous_10)
FNDA:0,(anonymous_11)
FNDA:0,(anonymous_12)
DA:4,7
DA:8,5
DA:10,0
DA:12,0
DA:14,0
DA:16,0
DA:18,5
DA:22,7
DA:23,0
DA:24,0
DA:30,7
DA:31,5
DA:32,5
DA:33,0
DA:36,5
DA:37,5
DA:39,5
DA:40,0
DA:41,0
DA:42,0
DA:44,0
DA:45,0
DA:46,0
DA:47,0
DA:48,0
DA:49,0
DA:54,0
DA:55,0
DA:58,5
DA:59,0
DA:60,0
DA:64,5
DA:68,7
DA:69,0
DA:70,0
DA:71,0
DA:72,0
DA:78,7
DA:82,0
DA:88,0
DA:89,0
DA:90,0
DA:94,0
DA:95,0
LF:44
LH:14
BRDA:10,0,0,0
BRDA:10,0,1,0
BRDA:10,0,2,0
BRDA:12,1,0,0
BRDA:12,1,1,0
BRDA:12,1,2,0
BRDA:14,2,0,0
BRDA:14,2,1,0
BRDA:14,2,2,0
BRDA:14,2,3,0
BRDA:16,3,0,0
BRDA:16,3,1,0
BRDA:16,3,2,0
BRDA:16,3,3,0
BRDA:18,4,0,5
BRDA:18,4,1,5
BRDA:24,5,0,0
BRDA:24,5,1,0
BRDA:33,6,0,0
BRDA:33,6,1,0
BRDA:40,7,0,0
BRDA:40,7,1,0
BRDA:44,8,0,0
BRDA:44,8,1,0
BRDA:46,9,0,0
BRDA:46,9,1,0
BRDA:46,10,0,0
BRDA:46,10,1,0
BRDA:48,11,0,0
BRDA:48,11,1,0
BRDA:59,12,0,0
BRDA:59,12,1,0
BRDA:70,13,0,0
BRDA:70,13,1,0
BRDA:72,14,0,0
BRDA:72,14,1,0
BRDA:88,15,0,0
BRDA:88,15,1,0
BRDA:88,16,0,0
BRDA:88,16,1,0
BRDA:89,17,0,0
BRDA:89,17,1,0
BRDA:89,17,2,0
BRDA:89,17,3,0
BRDA:90,18,0,0
BRDA:90,18,1,0
BRDA:94,19,0,0
BRDA:94,19,1,0
BRDA:95,20,0,0
BRDA:95,20,1,0
BRF:50
BRH:2
end_of_record
TN:
SF:src/utils/with-namespace.js
FN:2,(anonymous_0)
FN:3,(anonymous_1)
FNF:2
FNH:2
FNDA:24,(anonymous_0)
FNDA:29,(anonymous_1)
DA:2,4
DA:3,24
DA:4,29
DA:5,27
DA:8,2
DA:9,2
LF:6
LH:6
BRDA:4,0,0,27
BRDA:4,0,1,2
BRF:2
BRH:2
end_of_record
