TN:
SF:src/core/loader-core-new/loader-async.js
FN:18,createAsyncLoader
FN:23,(anonymous_1)
FN:29,loader
FNF:3
FNH:3
FNDA:4,createAsyncLoader
FNDA:5,(anonymous_1)
FNDA:4,loader
DA:23,5
DA:27,4
DA:29,4
DA:31,4
DA:33,4
DA:35,4
DA:37,4
DA:39,4
DA:41,4
LF:9
LH:9
BRDA:18,0,0,0
BRDA:20,1,0,0
BRDA:22,2,0,0
BRDA:23,3,0,4
BRDA:25,4,0,4
BRDA:29,5,0,0
BRDA:31,6,0,4
BRDA:31,6,1,0
BRDA:35,7,0,4
BRDA:35,7,1,0
BRDA:37,8,0,4
BRDA:37,8,1,0
BRDA:39,9,0,4
BRDA:39,9,1,0
BRF:14
BRH:6
end_of_record
TN:
SF:src/hooks/contextInjection.hook.js
FN:10,(anonymous_0)
FNF:1
FNH:0
FNDA:0,(anonymous_0)
DA:10,1
DA:11,0
LF:2
LH:1
BRF:0
BRH:0
end_of_record
TN:
SF:src/hooks/errorHandling.hook.js
FN:13,(anonymous_0)
FN:35,(anonymous_1)
FN:36,(anonymous_2)
FNF:3
FNH:0
FNDA:0,(anonymous_0)
FNDA:0,(anonymous_1)
FNDA:0,(anonymous_2)
DA:13,1
DA:14,0
DA:15,0
DA:17,0
DA:18,0
DA:19,0
DA:20,0
DA:22,0
DA:24,0
DA:35,1
DA:36,0
DA:37,0
DA:38,0
DA:40,0
DA:41,0
DA:42,0
DA:44,0
DA:47,0
LF:18
LH:2
BRDA:17,0,0,0
BRDA:17,0,1,0
BRDA:19,1,0,0
BRDA:19,1,1,0
BRDA:35,2,0,0
BRDA:40,3,0,0
BRDA:40,3,1,0
BRF:7
BRH:0
end_of_record
TN:
SF:src/hooks/index.js
FN:10,(anonymous_0)
FN:17,(anonymous_1)
FNF:2
FNH:0
FNDA:0,(anonymous_0)
FNDA:0,(anonymous_1)
DA:10,1
DA:11,0
DA:12,0
DA:14,0
DA:17,1
LF:5
LH:2
BRDA:11,0,0,0
BRDA:11,0,1,0
BRDA:11,1,0,0
BRDA:11,1,1,0
BRF:4
BRH:0
end_of_record
TN:
SF:src/hooks/lifecycle.hook.js
FN:10,(anonymous_0)
FN:25,(anonymous_1)
FN:37,capitalize
FNF:3
FNH:0
FNDA:0,(anonymous_0)
FNDA:0,(anonymous_1)
FNDA:0,capitalize
DA:10,1
DA:11,0
DA:12,0
DA:13,0
DA:16,0
DA:25,1
DA:26,0
DA:27,0
DA:28,0
DA:29,0
DA:30,0
DA:31,0
DA:38,0
LF:13
LH:2
BRDA:12,0,0,0
BRDA:12,0,1,0
BRDA:26,1,0,0
BRDA:26,1,1,0
BRDA:26,2,0,0
BRDA:26,2,1,0
BRDA:28,3,0,0
BRDA:28,3,1,0
BRDA:28,4,0,0
BRDA:28,4,1,0
BRDA:30,5,0,0
BRDA:30,5,1,0
BRF:12
BRH:0
end_of_record
TN:
SF:src/hooks/logging.hook.js
FN:11,(anonymous_0)
FN:25,(anonymous_1)
FN:36,(anonymous_2)
FNF:3
FNH:0
FNDA:0,(anonymous_0)
FNDA:0,(anonymous_1)
FNDA:0,(anonymous_2)
DA:11,1
DA:12,0
DA:13,0
DA:15,0
DA:17,0
DA:25,1
DA:26,0
DA:27,0
DA:36,1
DA:37,0
DA:38,0
LF:11
LH:3
BRDA:12,0,0,0
BRDA:12,0,1,0
BRDA:12,1,0,0
BRDA:12,1,1,0
BRDA:12,1,2,0
BRDA:26,2,0,0
BRDA:26,2,1,0
BRDA:26,3,0,0
BRDA:26,3,1,0
BRDA:26,3,2,0
BRDA:37,4,0,0
BRDA:37,4,1,0
BRDA:37,5,0,0
BRDA:37,5,1,0
BRDA:37,5,2,0
BRF:15
BRH:0
end_of_record
TN:
SF:src/hooks/validation.hook.js
FN:10,(anonymous_0)
FN:12,(anonymous_1)
FN:21,(anonymous_2)
FNF:3
FNH:0
FNDA:0,(anonymous_0)
FNDA:0,(anonymous_1)
FNDA:0,(anonymous_2)
DA:10,1
DA:11,0
DA:12,0
DA:13,0
DA:14,0
DA:17,0
DA:19,0
DA:20,0
DA:21,0
DA:23,0
DA:25,0
LF:11
LH:1
BRDA:14,0,0,0
BRDA:14,0,1,0
BRDA:17,1,0,0
BRDA:17,1,1,0
BRDA:19,2,0,0
BRDA:19,2,1,0
BRF:6
BRH:0
end_of_record
TN:
SF:src/loaders/feature-loader/context.js
FN:5,validateFeatureContext
FN:16,injectFeatureContext
FN:21,runFeatureLifecycle
FNF:3
FNH:0
FNDA:0,validateFeatureContext
FNDA:0,injectFeatureContext
FNDA:0,runFeatureLifecycle
DA:6,0
DA:7,0
DA:17,0
DA:18,0
DA:22,0
DA:23,0
LF:6
LH:0
BRDA:6,0,0,0
BRDA:6,0,1,0
BRDA:18,1,0,0
BRDA:18,1,1,0
BRDA:22,2,0,0
BRDA:22,2,1,0
BRF:6
BRH:0
end_of_record
TN:
SF:src/loaders/feature-loader/discover-feature-artifacts.js
FN:10,discoverFeatureArtifacts
FNF:1
FNH:0
FNDA:0,discoverFeatureArtifacts
DA:11,0
DA:19,0
DA:21,0
DA:28,0
DA:29,0
DA:30,0
DA:31,0
DA:32,0
DA:33,0
DA:36,0
LF:10
LH:0
BRDA:30,0,0,0
BRDA:30,0,1,0
BRDA:31,1,0,0
BRDA:31,1,1,0
BRDA:32,2,0,0
BRDA:32,2,1,0
BRDA:32,3,0,0
BRDA:32,3,1,0
BRDA:33,4,0,0
BRDA:33,4,1,0
BRF:10
BRH:0
end_of_record
TN:
SF:src/loaders/feature-loader/discovery.js
FN:5,findFeatureFiles
FN:8,(anonymous_1)
FN:19,aggregateFeatureArtifacts
FN:23,(anonymous_3)
FNF:4
FNH:0
FNDA:0,findFeatureFiles
FNDA:0,(anonymous_1)
FNDA:0,aggregateFeatureArtifacts
FNDA:0,(anonymous_3)
DA:6,0
DA:7,0
DA:8,0
DA:10,0
DA:11,0
DA:12,0
DA:14,0
DA:16,0
DA:20,0
DA:21,0
DA:22,0
DA:24,0
DA:25,0
DA:26,0
DA:27,0
DA:28,0
DA:29,0
DA:30,0
DA:32,0
DA:34,0
DA:35,0
DA:39,0
LF:22
LH:0
BRDA:6,0,0,0
BRDA:6,0,1,0
BRDA:6,1,0,0
BRDA:6,1,1,0
BRDA:11,2,0,0
BRDA:11,2,1,0
BRDA:29,3,0,0
BRDA:29,3,1,0
BRDA:29,4,0,0
BRDA:29,4,1,0
BRF:10
BRH:0
end_of_record
TN:
SF:src/loaders/feature-loader/feature-loader.js
FN:17,(anonymous_0)
FN:18,(anonymous_1)
FN:31,(anonymous_2)
FN:52,(anonymous_3)
FN:64,(anonymous_4)
FN:73,(anonymous_5)
FNF:6
FNH:1
FNDA:0,(anonymous_0)
FNDA:0,(anonymous_1)
FNDA:0,(anonymous_2)
FNDA:0,(anonymous_3)
FNDA:4,(anonymous_4)
FNDA:0,(anonymous_5)
DA:12,1
DA:17,1
DA:18,0
DA:21,0
DA:31,1
DA:32,0
DA:33,0
DA:39,0
DA:40,0
DA:41,0
DA:43,0
DA:52,1
DA:53,0
DA:64,1
DA:65,4
DA:73,1
DA:74,0
DA:75,0
DA:80,0
DA:81,0
DA:82,0
LF:21
LH:7
BRDA:34,0,0,0
BRDA:34,0,1,0
BRDA:39,1,0,0
BRDA:39,1,1,0
BRDA:39,2,0,0
BRDA:39,2,1,0
BRDA:54,3,0,0
BRDA:54,3,1,0
BRDA:54,3,2,0
BRDA:54,3,3,0
BRDA:54,3,4,0
BRDA:64,4,0,0
BRDA:66,5,0,4
BRDA:66,5,1,4
BRDA:68,6,0,4
BRDA:68,6,1,0
BRDA:69,7,0,4
BRDA:69,7,1,4
BRDA:73,8,0,0
BRDA:74,9,0,0
BRDA:74,9,1,0
BRF:21
BRH:5
end_of_record
TN:
SF:src/loaders/feature-loader/featureRegistryBuilder.js
FN:4,(anonymous_0)
FNF:1
FNH:1
FNDA:4,(anonymous_0)
DA:4,1
DA:6,4
DA:8,4
DA:9,4
DA:11,4
LF:5
LH:5
BRF:0
BRH:0
end_of_record
TN:
SF:src/loaders/feature-loader/importAndApplyAllFeatures.js
FN:1,(anonymous_0)
FNF:1
FNH:0
FNDA:0,(anonymous_0)
DA:1,1
DA:2,0
DA:3,0
DA:4,0
DA:5,0
DA:6,0
DA:7,0
DA:10,0
LF:8
LH:1
BRDA:4,0,0,0
BRDA:4,0,1,0
BRDA:5,1,0,0
BRDA:5,1,1,0
BRDA:7,2,0,0
BRDA:7,2,1,0
BRF:6
BRH:0
end_of_record
TN:
SF:src/loaders/feature-loader/merge.js
FN:5,findDuplicates
FN:10,(anonymous_1)
FN:15,mergeFeatureRegistries
FN:16,(anonymous_3)
FN:17,(anonymous_4)
FN:18,(anonymous_5)
FN:19,(anonymous_6)
FN:29,reportDuplicates
FNF:8
FNH:8
FNDA:16,findDuplicates
FNDA:7,(anonymous_1)
FNDA:4,mergeFeatureRegistries
FNDA:5,(anonymous_3)
FNDA:5,(anonymous_4)
FNDA:5,(anonymous_5)
FNDA:5,(anonymous_6)
FNDA:4,reportDuplicates
DA:6,16
DA:10,7
DA:16,5
DA:17,5
DA:18,5
DA:19,5
DA:21,4
DA:22,4
DA:23,4
DA:24,4
DA:26,4
DA:30,4
DA:31,4
DA:32,4
DA:33,4
DA:34,4
DA:35,4
DA:36,4
DA:37,4
LF:19
LH:19
BRDA:16,0,0,5
BRDA:16,0,1,0
BRDA:17,1,0,5
BRDA:17,1,1,2
BRDA:18,2,0,5
BRDA:18,2,1,2
BRDA:19,3,0,5
BRDA:19,3,1,2
BRDA:34,4,0,1
BRDA:34,4,1,3
BRDA:35,5,0,0
BRDA:35,5,1,4
BRDA:36,6,0,0
BRDA:36,6,1,4
BRDA:37,7,0,0
BRDA:37,7,1,4
BRF:16
BRH:12
end_of_record
TN:
SF:src/utils/file-utils-new.js
FN:12,(anonymous_0)
FN:17,(anonymous_1)
FN:40,(anonymous_2)
FN:45,(anonymous_3)
FN:67,(anonymous_4)
FN:68,(anonymous_5)
FN:69,(anonymous_6)
FN:70,(anonymous_7)
FN:89,(anonymous_8)
FN:94,(anonymous_9)
FN:115,(anonymous_10)
FN:125,(anonymous_11)
FN:126,(anonymous_12)
FN:131,(anonymous_13)
FN:132,(anonymous_14)
FN:135,(anonymous_15)
FN:141,(anonymous_16)
FN:157,(anonymous_17)
FN:169,(anonymous_18)
FN:181,(anonymous_19)
FN:190,(anonymous_20)
FN:193,(anonymous_21)
FN:204,(anonymous_22)
FN:216,(anonymous_23)
FN:228,(anonymous_24)
FN:240,(anonymous_25)
FN:257,(anonymous_26)
FN:258,(anonymous_27)
FN:273,(anonymous_28)
FN:316,(anonymous_29)
FN:318,(anonymous_30)
FNF:31
FNH:0
FNDA:0,(anonymous_0)
FNDA:0,(anonymous_1)
FNDA:0,(anonymous_2)
FNDA:0,(anonymous_3)
FNDA:0,(anonymous_4)
FNDA:0,(anonymous_5)
FNDA:0,(anonymous_6)
FNDA:0,(anonymous_7)
FNDA:0,(anonymous_8)
FNDA:0,(anonymous_9)
FNDA:0,(anonymous_10)
FNDA:0,(anonymous_11)
FNDA:0,(anonymous_12)
FNDA:0,(anonymous_13)
FNDA:0,(anonymous_14)
FNDA:0,(anonymous_15)
FNDA:0,(anonymous_16)
FNDA:0,(anonymous_17)
FNDA:0,(anonymous_18)
FNDA:0,(anonymous_19)
FNDA:0,(anonymous_20)
FNDA:0,(anonymous_21)
FNDA:0,(anonymous_22)
FNDA:0,(anonymous_23)
FNDA:0,(anonymous_24)
FNDA:0,(anonymous_25)
FNDA:0,(anonymous_26)
FNDA:0,(anonymous_27)
FNDA:0,(anonymous_28)
FNDA:0,(anonymous_29)
FNDA:0,(anonymous_30)
DA:12,1
DA:16,0
DA:17,0
DA:18,0
DA:21,0
DA:31,0
DA:40,1
DA:44,0
DA:45,0
DA:46,0
DA:48,0
DA:58,0
DA:67,1
DA:68,0
DA:69,0
DA:70,0
DA:71,0
DA:80,0
DA:89,1
DA:93,0
DA:94,0
DA:95,0
DA:97,0
DA:109,0
DA:115,1
DA:116,0
DA:117,0
DA:125,1
DA:126,0
DA:131,1
DA:132,0
DA:133,0
DA:134,0
DA:135,0
DA:141,1
DA:142,0
DA:143,0
DA:144,0
DA:157,1
DA:158,0
DA:159,0
DA:160,0
DA:169,1
DA:170,0
DA:171,0
DA:172,0
DA:181,1
DA:182,0
DA:183,0
DA:184,0
DA:190,1
DA:191,0
DA:192,0
DA:193,0
DA:204,1
DA:205,0
DA:206,0
DA:207,0
DA:216,1
DA:217,0
DA:218,0
DA:219,0
DA:228,1
DA:229,0
DA:230,0
DA:231,0
DA:240,1
DA:241,0
DA:257,1
DA:258,0
DA:259,0
DA:260,0
DA:273,1
DA:274,0
DA:276,0
DA:277,0
DA:278,0
DA:279,0
DA:280,0
DA:282,0
DA:283,0
DA:284,0
DA:285,0
DA:286,0
DA:287,0
DA:289,0
DA:290,0
DA:294,0
DA:295,0
DA:296,0
DA:297,0
DA:298,0
DA:300,0
DA:304,0
DA:307,0
DA:316,1
DA:317,0
DA:318,0
DA:319,0
DA:320,0
DA:331,0
LF:101
LH:19
BRDA:14,0,0,0
BRDA:16,1,0,0
BRDA:16,1,1,0
BRDA:16,2,0,0
BRDA:16,2,1,0
BRDA:17,3,0,0
BRDA:17,3,1,0
BRDA:18,4,0,0
BRDA:18,4,1,0
BRDA:42,5,0,0
BRDA:44,6,0,0
BRDA:44,6,1,0
BRDA:44,7,0,0
BRDA:44,7,1,0
BRDA:45,8,0,0
BRDA:45,8,1,0
BRDA:46,9,0,0
BRDA:46,9,1,0
BRDA:67,10,0,0
BRDA:68,11,0,0
BRDA:68,11,1,0
BRDA:68,12,0,0
BRDA:68,12,1,0
BRDA:69,13,0,0
BRDA:69,13,1,0
BRDA:70,14,0,0
BRDA:70,14,1,0
BRDA:91,15,0,0
BRDA:93,16,0,0
BRDA:93,16,1,0
BRDA:93,17,0,0
BRDA:93,17,1,0
BRDA:94,18,0,0
BRDA:94,18,1,0
BRDA:95,19,0,0
BRDA:95,19,1,0
BRDA:117,20,0,0
BRDA:117,20,1,0
BRDA:126,21,0,0
BRDA:126,21,1,0
BRDA:131,22,0,0
BRDA:132,23,0,0
BRDA:132,23,1,0
BRDA:132,24,0,0
BRDA:132,24,1,0
BRDA:142,25,0,0
BRDA:142,25,1,0
BRDA:158,26,0,0
BRDA:158,26,1,0
BRDA:170,27,0,0
BRDA:170,27,1,0
BRDA:182,28,0,0
BRDA:182,28,1,0
BRDA:191,29,0,0
BRDA:191,29,1,0
BRDA:205,30,0,0
BRDA:205,30,1,0
BRDA:205,31,0,0
BRDA:205,31,1,0
BRDA:217,32,0,0
BRDA:217,32,1,0
BRDA:217,33,0,0
BRDA:217,33,1,0
BRDA:229,34,0,0
BRDA:229,34,1,0
BRDA:240,35,0,0
BRDA:258,36,0,0
BRDA:258,36,1,0
BRDA:260,37,0,0
BRDA:260,37,1,0
BRDA:262,38,0,0
BRDA:262,38,1,0
BRDA:276,39,0,0
BRDA:276,39,1,0
BRDA:277,40,0,0
BRDA:277,40,1,0
BRDA:280,41,0,0
BRDA:280,41,1,0
BRDA:316,42,0,0
BRDA:317,43,0,0
BRDA:317,43,1,0
BRDA:317,44,0,0
BRDA:317,44,1,0
BRDA:318,45,0,0
BRDA:318,45,1,0
BRDA:319,46,0,0
BRDA:319,46,1,0
BRF:87
BRH:0
end_of_record
TN:
SF:src/utils/loader-logger.js
FN:2,(anonymous_0)
FN:3,(anonymous_1)
FN:4,(anonymous_2)
FN:5,(anonymous_3)
FN:6,(anonymous_4)
FNF:5
FNH:2
FNDA:4,(anonymous_0)
FNDA:0,(anonymous_1)
FNDA:0,(anonymous_2)
FNDA:1,(anonymous_3)
FNDA:0,(anonymous_4)
DA:2,4
LF:1
LH:1
BRF:0
BRH:0
end_of_record
TN:
SF:src/utils/registry-utils.js
FN:6,(anonymous_0)
FN:7,(anonymous_1)
FN:13,(anonymous_2)
FN:15,(anonymous_3)
FN:22,(anonymous_4)
FN:23,(anonymous_5)
FN:26,(anonymous_6)
FN:48,(anonymous_7)
FN:50,(anonymous_8)
FN:56,(anonymous_9)
FN:58,(anonymous_10)
FNF:11
FNH:0
FNDA:0,(anonymous_0)
FNDA:0,(anonymous_1)
FNDA:0,(anonymous_2)
FNDA:0,(anonymous_3)
FNDA:0,(anonymous_4)
FNDA:0,(anonymous_5)
FNDA:0,(anonymous_6)
FNDA:0,(anonymous_7)
FNDA:0,(anonymous_8)
FNDA:0,(anonymous_9)
FNDA:0,(anonymous_10)
DA:6,1
DA:7,0
DA:13,1
DA:14,0
DA:15,0
DA:16,0
DA:17,0
DA:19,0
DA:22,1
DA:23,0
DA:26,1
DA:27,0
DA:45,0
DA:48,1
DA:49,0
DA:50,0
DA:56,1
DA:57,0
DA:59,0
LF:19
LH:6
BRDA:16,0,0,0
BRDA:16,0,1,0
BRDA:45,1,0,0
BRDA:45,1,1,0
BRDA:58,2,0,0
BRF:5
BRH:0
end_of_record
